TN:
SF:src/aws-exports.js
FNF:0
FNH:0
DA:4,0
DA:62,0
LF:2
LH:0
BRDA:6,0,0,0
BRDA:6,0,1,0
BRDA:7,1,0,0
BRDA:7,1,1,0
BRDA:8,2,0,0
BRDA:8,2,1,0
BRDA:9,3,0,0
BRDA:9,3,1,0
BRDA:38,4,0,0
BRDA:38,4,1,0
BRDA:39,5,0,0
BRDA:39,5,1,0
BRDA:42,6,0,0
BRDA:42,6,1,0
BRDA:43,7,0,0
BRDA:43,7,1,0
BRDA:47,8,0,0
BRDA:47,8,1,0
BRDA:55,9,0,0
BRDA:55,9,1,0
BRDA:56,10,0,0
BRDA:56,10,1,0
BRF:22
BRH:0
end_of_record
TN:
SF:src/middleware-simplified.ts
FN:5,middleware
FN:22,(anonymous_4)
FNF:2
FNH:0
FNDA:0,middleware
FNDA:0,(anonymous_4)
DA:1,0
DA:5,0
DA:6,0
DA:9,0
DA:14,0
DA:18,0
DA:21,0
DA:22,0
DA:24,0
DA:25,0
DA:28,0
DA:31,0
LF:12
LH:0
BRDA:9,0,0,0
BRDA:10,1,0,0
BRDA:10,1,1,0
BRDA:10,1,2,0
BRDA:24,2,0,0
BRDA:24,3,0,0
BRDA:24,3,1,0
BRF:7
BRH:0
end_of_record
TN:
SF:src/middleware.orig.ts
FN:15,middleware
FNF:1
FNH:0
FNDA:0,middleware
DA:2,0
DA:4,0
DA:5,0
DA:8,0
DA:15,0
DA:17,0
DA:20,0
DA:21,0
DA:24,0
DA:27,0
DA:28,0
DA:29,0
DA:30,0
DA:32,0
DA:34,0
DA:36,0
DA:37,0
DA:40,0
DA:45,0
DA:50,0
LF:20
LH:0
BRDA:20,0,0,0
BRDA:20,1,0,0
BRDA:20,1,1,0
BRDA:28,2,0,0
BRDA:36,3,0,0
BRF:5
BRH:0
end_of_record
TN:
SF:src/middleware.ts
FN:7,middleware
FNF:1
FNH:0
FNDA:0,middleware
DA:1,0
DA:7,0
DA:8,0
DA:11,0
DA:25,0
DA:29,0
DA:30,0
DA:34,0
DA:36,0
DA:37,0
DA:38,0
DA:39,0
DA:41,0
DA:44,0
LF:14
LH:0
BRDA:11,0,0,0
BRDA:12,1,0,0
BRDA:12,1,1,0
BRDA:12,1,2,0
BRDA:12,1,3,0
BRDA:12,1,4,0
BRDA:12,1,5,0
BRDA:12,1,6,0
BRDA:12,1,7,0
BRDA:12,1,8,0
BRDA:12,1,9,0
BRDA:12,1,10,0
BRDA:12,1,11,0
BRDA:29,2,0,0
BRF:14
BRH:0
end_of_record
TN:
SF:src/api/index.ts
FN:32,(anonymous_6)
FN:44,(anonymous_7)
FN:51,(anonymous_8)
FN:63,(anonymous_9)
FN:75,(anonymous_10)
FN:90,(anonymous_11)
FN:109,(anonymous_12)
FN:121,(anonymous_13)
FN:138,(anonymous_14)
FN:155,(anonymous_15)
FN:173,(anonymous_16)
FN:179,(anonymous_17)
FN:191,(anonymous_18)
FN:203,(anonymous_19)
FN:216,(anonymous_20)
FN:228,(anonymous_21)
FN:255,(anonymous_22)
FNF:17
FNH:0
FNDA:0,(anonymous_6)
FNDA:0,(anonymous_7)
FNDA:0,(anonymous_8)
FNDA:0,(anonymous_9)
FNDA:0,(anonymous_10)
FNDA:0,(anonymous_11)
FNDA:0,(anonymous_12)
FNDA:0,(anonymous_13)
FNDA:0,(anonymous_14)
FNDA:0,(anonymous_15)
FNDA:0,(anonymous_16)
FNDA:0,(anonymous_17)
FNDA:0,(anonymous_18)
FNDA:0,(anonymous_19)
FNDA:0,(anonymous_20)
FNDA:0,(anonymous_21)
FNDA:0,(anonymous_22)
DA:10,0
DA:11,0
DA:14,0
DA:17,0
DA:31,0
DA:35,0
DA:37,0
DA:38,0
DA:39,0
DA:42,0
DA:45,0
DA:50,0
DA:52,0
DA:53,0
DA:54,0
DA:56,0
DA:57,0
DA:64,0
DA:65,0
DA:66,0
DA:68,0
DA:69,0
DA:76,0
DA:77,0
DA:78,0
DA:80,0
DA:81,0
DA:89,0
DA:98,0
DA:99,0
DA:100,0
DA:102,0
DA:103,0
DA:110,0
DA:111,0
DA:112,0
DA:114,0
DA:115,0
DA:122,0
DA:123,0
DA:124,0
DA:126,0
DA:127,0
DA:134,0
DA:137,0
DA:144,0
DA:145,0
DA:146,0
DA:148,0
DA:149,0
DA:156,0
DA:157,0
DA:160,0
DA:161,0
DA:164,0
DA:166,0
DA:167,0
DA:174,0
DA:180,0
DA:181,0
DA:182,0
DA:184,0
DA:185,0
DA:192,0
DA:193,0
DA:194,0
DA:196,0
DA:197,0
DA:204,0
DA:205,0
DA:207,0
DA:209,0
DA:210,0
DA:217,0
DA:218,0
DA:219,0
DA:221,0
DA:222,0
DA:232,0
DA:233,0
DA:236,0
DA:237,0
DA:238,0
DA:246,0
DA:248,0
DA:249,0
DA:259,0
DA:260,0
DA:261,0
DA:263,0
DA:264,0
LF:91
LH:0
BRDA:14,0,0,0
BRDA:14,0,1,0
BRDA:14,1,0,0
BRDA:14,1,1,0
BRDA:35,2,0,0
BRDA:35,2,1,0
BRDA:37,3,0,0
BRDA:38,4,0,0
BRDA:38,4,1,0
BRDA:57,5,0,0
BRDA:57,5,1,0
BRDA:69,6,0,0
BRDA:69,6,1,0
BRDA:81,7,0,0
BRDA:81,7,1,0
BRDA:103,8,0,0
BRDA:103,8,1,0
BRDA:115,9,0,0
BRDA:115,9,1,0
BRDA:127,10,0,0
BRDA:127,10,1,0
BRDA:149,11,0,0
BRDA:149,11,1,0
BRDA:160,12,0,0
BRDA:167,13,0,0
BRDA:167,13,1,0
BRDA:185,14,0,0
BRDA:185,14,1,0
BRDA:197,15,0,0
BRDA:197,15,1,0
BRDA:210,16,0,0
BRDA:210,16,1,0
BRDA:222,17,0,0
BRDA:222,17,1,0
BRDA:236,18,0,0
BRDA:236,19,0,0
BRDA:236,19,1,0
BRDA:237,20,0,0
BRDA:237,20,1,0
BRDA:249,21,0,0
BRDA:249,21,1,0
BRDA:264,22,0,0
BRDA:264,22,1,0
BRF:43
BRH:0
end_of_record
TN:
SF:src/api/auth/login/route.ts
FN:3,POST
FNF:1
FNH:0
FNDA:0,POST
DA:1,0
DA:3,0
DA:4,0
DA:5,0
DA:8,0
DA:9,0
DA:21,0
DA:26,0
DA:27,0
LF:9
LH:0
BRDA:8,0,0,0
BRDA:8,1,0,0
BRDA:8,1,1,0
BRF:3
BRH:0
end_of_record
TN:
SF:src/api/auth/login/[...nextauth]/route.ts
FN:19,(anonymous_1)
FN:23,(anonymous_2)
FN:54,(anonymous_3)
FN:67,(anonymous_4)
FN:71,(anonymous_5)
FN:78,(anonymous_6)
FN:85,(anonymous_7)
FNF:7
FNH:0
FNDA:0,(anonymous_1)
FNDA:0,(anonymous_2)
FNDA:0,(anonymous_3)
FNDA:0,(anonymous_4)
FNDA:0,(anonymous_5)
FNDA:0,(anonymous_6)
FNDA:0,(anonymous_7)
DA:3,0
DA:20,0
DA:24,0
DA:27,0
DA:28,0
DA:29,0
DA:33,0
DA:34,0
DA:35,0
DA:36,0
DA:41,0
DA:46,0
DA:49,0
DA:52,0
DA:54,0
DA:55,0
DA:59,0
DA:60,0
DA:64,0
DA:68,0
DA:72,0
DA:79,0
DA:86,0
DA:91,0
LF:24
LH:0
BRDA:23,0,0,0
BRDA:24,1,0,0
BRDA:28,2,0,0
BRDA:33,3,0,0
BRDA:35,4,0,0
BRDA:52,5,0,0
BRDA:55,6,0,0
BRDA:55,6,1,0
BRDA:59,7,0,0
BRF:9
BRH:0
end_of_record
TN:
SF:src/app/ClientLayout.tsx
FN:19,ClientLayout
FN:27,(anonymous_6)
FN:32,(anonymous_7)
FNF:3
FNH:0
FNDA:0,ClientLayout
FNDA:0,(anonymous_6)
FNDA:0,(anonymous_7)
DA:3,0
DA:4,0
DA:5,0
DA:6,0
DA:7,0
DA:8,0
DA:19,0
DA:21,0
DA:24,0
DA:27,0
DA:28,0
DA:32,0
LF:12
LH:0
BRF:0
BRH:0
end_of_record
TN:
SF:src/app/HomePageLayout.tsx
FN:7,HomePageLayout
FNF:1
FNH:0
FNDA:0,HomePageLayout
DA:3,0
DA:4,0
DA:5,0
DA:7,0
LF:4
LH:0
BRF:0
BRH:0
end_of_record
TN:
SF:src/app/layout.tsx
FN:108,RootLayout
FNF:1
FNH:0
FNDA:0,RootLayout
DA:2,0
DA:3,0
DA:4,0
DA:5,0
DA:6,0
DA:11,0
DA:19,0
DA:28,0
DA:37,0
DA:108,0
LF:10
LH:0
BRF:0
BRH:0
end_of_record
TN:
SF:src/app/page-new.tsx
FN:8,Page
FNF:1
FNH:0
FNDA:0,Page
DA:3,0
DA:4,0
DA:5,0
DA:8,0
LF:4
LH:0
BRF:0
BRH:0
end_of_record
TN:
SF:src/app/page.tsx
FN:8,Page
FNF:1
FNH:0
FNDA:0,Page
DA:3,0
DA:4,0
DA:5,0
DA:8,0
LF:4
LH:0
BRF:0
BRH:0
end_of_record
TN:
SF:src/app/robots.ts
FN:3,robots
FNF:1
FNH:0
FNDA:0,robots
DA:3,0
DA:4,0
LF:2
LH:0
BRF:0
BRH:0
end_of_record
TN:
SF:src/app/sitemap.ts
FN:4,sitemap
FN:55,(anonymous_5)
FN:69,(anonymous_6)
FNF:3
FNH:0
FNDA:0,sitemap
FNDA:0,(anonymous_5)
FNDA:0,(anonymous_6)
DA:2,0
DA:4,0
DA:5,0
DA:8,0
DA:45,0
DA:47,0
DA:55,0
DA:62,0
DA:69,0
DA:75,0
DA:77,0
DA:81,0
DA:82,0
LF:13
LH:0
BRF:0
BRH:0
end_of_record
TN:
SF:src/app/about/page.tsx
FN:235,AboutPage
FNF:1
FNH:0
FNDA:0,AboutPage
DA:1,0
DA:9,0
DA:12,0
DA:18,0
DA:66,0
DA:93,0
DA:138,0
DA:161,0
DA:178,0
DA:199,0
DA:235,0
LF:11
LH:0
BRF:0
BRH:0
end_of_record
TN:
SF:src/app/admin/page.tsx
FN:4,AdminPortal
FNF:1
FNH:0
FNDA:0,AdminPortal
DA:1,0
DA:2,0
DA:4,0
LF:3
LH:0
BRF:0
BRH:0
end_of_record
TN:
SF:src/app/admin/documents/page.tsx
FN:4,Page
FNF:1
FNH:0
FNDA:0,Page
DA:1,0
DA:2,0
DA:4,0
DA:5,0
LF:4
LH:0
BRF:0
BRH:0
end_of_record
TN:
SF:src/app/admin/platform-overview/page.tsx
FN:127,PlatformOverviewPage
FN:153,(anonymous_3)
FN:190,(anonymous_4)
FN:191,(anonymous_5)
FN:192,(anonymous_6)
FN:226,(anonymous_7)
FNF:6
FNH:0
FNDA:0,PlatformOverviewPage
FNDA:0,(anonymous_3)
FNDA:0,(anonymous_4)
FNDA:0,(anonymous_5)
FNDA:0,(anonymous_6)
FNDA:0,(anonymous_7)
DA:3,0
DA:4,0
DA:5,0
DA:16,0
DA:19,0
DA:57,0
DA:95,0
DA:127,0
DA:154,0
DA:155,0
DA:156,0
DA:157,0
DA:158,0
DA:160,0
DA:191,0
DA:192,0
DA:194,0
DA:196,0
DA:197,0
DA:198,0
DA:200,0
DA:201,0
DA:202,0
DA:203,0
DA:205,0
DA:227,0
DA:228,0
LF:27
LH:0
BRDA:194,0,0,0
BRDA:194,1,0,0
BRDA:194,1,1,0
BRDA:212,2,0,0
BRDA:212,2,1,0
BRDA:213,3,0,0
BRDA:213,3,1,0
BRDA:214,4,0,0
BRDA:214,4,1,0
BRF:9
BRH:0
end_of_record
TN:
SF:src/app/admin/properties/page.tsx
FN:85,PropertyAdminPage
FN:101,(anonymous_5)
FN:108,(anonymous_6)
FN:122,(anonymous_7)
FN:125,(anonymous_8)
FN:126,(anonymous_9)
FN:137,(anonymous_10)
FN:138,(anonymous_11)
FN:139,(anonymous_12)
FN:148,(anonymous_13)
FN:150,(anonymous_14)
FN:152,(anonymous_15)
FN:157,(anonymous_16)
FN:167,(anonymous_17)
FN:183,(anonymous_19)
FN:190,(anonymous_21)
FN:199,(anonymous_22)
FN:215,(anonymous_23)
FN:227,(anonymous_25)
FN:251,(anonymous_26)
FN:261,(anonymous_27)
FN:277,(anonymous_29)
FN:281,(anonymous_30)
FN:295,(anonymous_31)
FN:301,(anonymous_32)
FN:307,(anonymous_33)
FN:314,(anonymous_34)
FN:352,(anonymous_35)
FN:354,(anonymous_36)
FN:360,(anonymous_37)
FN:362,(anonymous_38)
FN:365,(anonymous_39)
FN:373,(anonymous_40)
FN:388,(anonymous_41)
FN:406,(anonymous_42)
FN:490,(anonymous_43)
FN:504,(anonymous_44)
FN:505,(anonymous_45)
FN:511,(anonymous_46)
FN:552,(anonymous_47)
FN:554,(anonymous_48)
FN:571,(anonymous_49)
FN:576,(anonymous_50)
FN:610,(anonymous_51)
FN:622,(anonymous_52)
FN:646,(anonymous_53)
FN:652,(anonymous_54)
FNF:47
FNH:0
FNDA:0,PropertyAdminPage
FNDA:0,(anonymous_5)
FNDA:0,(anonymous_6)
FNDA:0,(anonymous_7)
FNDA:0,(anonymous_8)
FNDA:0,(anonymous_9)
FNDA:0,(anonymous_10)
FNDA:0,(anonymous_11)
FNDA:0,(anonymous_12)
FNDA:0,(anonymous_13)
FNDA:0,(anonymous_14)
FNDA:0,(anonymous_15)
FNDA:0,(anonymous_16)
FNDA:0,(anonymous_17)
FNDA:0,(anonymous_19)
FNDA:0,(anonymous_21)
FNDA:0,(anonymous_22)
FNDA:0,(anonymous_23)
FNDA:0,(anonymous_25)
FNDA:0,(anonymous_26)
FNDA:0,(anonymous_27)
FNDA:0,(anonymous_29)
FNDA:0,(anonymous_30)
FNDA:0,(anonymous_31)
FNDA:0,(anonymous_32)
FNDA:0,(anonymous_33)
FNDA:0,(anonymous_34)
FNDA:0,(anonymous_35)
FNDA:0,(anonymous_36)
FNDA:0,(anonymous_37)
FNDA:0,(anonymous_38)
FNDA:0,(anonymous_39)
FNDA:0,(anonymous_40)
FNDA:0,(anonymous_41)
FNDA:0,(anonymous_42)
FNDA:0,(anonymous_43)
FNDA:0,(anonymous_44)
FNDA:0,(anonymous_45)
FNDA:0,(anonymous_46)
FNDA:0,(anonymous_47)
FNDA:0,(anonymous_48)
FNDA:0,(anonymous_49)
FNDA:0,(anonymous_50)
FNDA:0,(anonymous_51)
FNDA:0,(anonymous_52)
FNDA:0,(anonymous_53)
FNDA:0,(anonymous_54)
DA:1,0
DA:2,0
DA:5,0
DA:6,0
DA:17,0
DA:24,0
DA:32,0
DA:33,0
DA:34,0
DA:35,0
DA:36,0
DA:37,0
DA:45,0
DA:59,0
DA:61,0
DA:62,0
DA:63,0
DA:64,0
DA:85,0
DA:86,0
DA:87,0
DA:88,0
DA:90,0
DA:91,0
DA:92,0
DA:93,0
DA:94,0
DA:95,0
DA:96,0
DA:99,0
DA:102,0
DA:103,0
DA:104,0
DA:107,0
DA:108,0
DA:120,0
DA:124,0
DA:125,0
DA:126,0
DA:128,0
DA:137,0
DA:138,0
DA:139,0
DA:147,0
DA:149,0
DA:151,0
DA:152,0
DA:155,0
DA:158,0
DA:159,0
DA:163,0
DA:164,0
DA:165,0
DA:168,0
DA:177,0
DA:183,0
DA:190,0
DA:200,0
DA:215,0
DA:228,0
DA:229,0
DA:251,0
DA:261,0
DA:277,0
DA:282,0
DA:295,0
DA:301,0
DA:307,0
DA:315,0
DA:316,0
DA:329,0
DA:352,0
DA:353,0
DA:354,0
DA:356,0
DA:357,0
DA:360,0
DA:362,0
DA:363,0
DA:365,0
DA:373,0
DA:375,0
DA:376,0
DA:377,0
DA:378,0
DA:379,0
DA:380,0
DA:383,0
DA:389,0
DA:406,0
DA:490,0
DA:504,0
DA:506,0
DA:512,0
DA:553,0
DA:555,0
DA:572,0
DA:577,0
DA:610,0
DA:622,0
DA:646,0
DA:652,0
LF:102
LH:0
BRDA:103,0,0,0
BRDA:124,1,0,0
BRDA:124,1,1,0
BRDA:126,2,0,0
BRDA:126,2,1,0
BRDA:132,3,0,0
BRDA:132,3,1,0
BRDA:133,4,0,0
BRDA:133,4,1,0
BRDA:137,5,0,0
BRDA:137,5,1,0
BRDA:138,6,0,0
BRDA:138,6,1,0
BRDA:139,7,0,0
BRDA:139,7,1,0
BRDA:215,8,0,0
BRDA:215,8,1,0
BRDA:242,9,0,0
BRDA:242,9,1,0
BRDA:330,10,0,0
BRDA:330,10,1,0
BRDA:367,11,0,0
BRDA:367,11,1,0
BRDA:383,12,0,0
BRDA:413,13,0,0
BRDA:489,14,0,0
BRDA:489,14,1,0
BRDA:532,15,0,0
BRDA:557,16,0,0
BRDA:557,16,1,0
BRDA:571,17,0,0
BRDA:574,18,0,0
BRDA:574,18,1,0
BRDA:639,19,0,0
BRDA:639,19,1,0
BRF:35
BRH:0
end_of_record
TN:
SF:src/app/admin/security/page.tsx
FN:6,SecurityMonitoringPage
FNF:1
FNH:0
FNDA:0,SecurityMonitoringPage
DA:3,0
DA:4,0
DA:6,0
LF:3
LH:0
BRF:0
BRH:0
end_of_record
TN:
SF:src/app/admin/security/test/page.tsx
FN:6,SecurityTestPage
FNF:1
FNH:0
FNDA:0,SecurityTestPage
DA:3,0
DA:4,0
DA:6,0
LF:3
LH:0
BRF:0
BRH:0
end_of_record
TN:
SF:src/app/admin/verifications/page.tsx
FN:71,AdminVerifications
FN:158,(anonymous_5)
FN:160,(anonymous_6)
FN:180,(anonymous_7)
FN:185,(anonymous_8)
FN:188,(anonymous_9)
FN:193,(anonymous_10)
FN:226,(anonymous_11)
FN:227,(anonymous_12)
FN:228,(anonymous_13)
FN:239,(anonymous_14)
FN:240,(anonymous_15)
FN:241,(anonymous_16)
FN:252,(anonymous_17)
FN:265,(anonymous_18)
FN:277,(anonymous_19)
FN:278,(anonymous_20)
FN:350,(anonymous_21)
FN:394,(anonymous_22)
FN:404,(anonymous_23)
FN:448,(anonymous_24)
FN:490,(anonymous_25)
FN:522,(anonymous_26)
FN:532,(anonymous_27)
FN:538,(anonymous_28)
FN:544,(anonymous_29)
FN:560,(anonymous_30)
FN:560,(anonymous_31)
FN:568,(anonymous_32)
FN:568,(anonymous_33)
FN:576,(anonymous_34)
FN:576,(anonymous_35)
FNF:32
FNH:0
FNDA:0,AdminVerifications
FNDA:0,(anonymous_5)
FNDA:0,(anonymous_6)
FNDA:0,(anonymous_7)
FNDA:0,(anonymous_8)
FNDA:0,(anonymous_9)
FNDA:0,(anonymous_10)
FNDA:0,(anonymous_11)
FNDA:0,(anonymous_12)
FNDA:0,(anonymous_13)
FNDA:0,(anonymous_14)
FNDA:0,(anonymous_15)
FNDA:0,(anonymous_16)
FNDA:0,(anonymous_17)
FNDA:0,(anonymous_18)
FNDA:0,(anonymous_19)
FNDA:0,(anonymous_20)
FNDA:0,(anonymous_21)
FNDA:0,(anonymous_22)
FNDA:0,(anonymous_23)
FNDA:0,(anonymous_24)
FNDA:0,(anonymous_25)
FNDA:0,(anonymous_26)
FNDA:0,(anonymous_27)
FNDA:0,(anonymous_28)
FNDA:0,(anonymous_29)
FNDA:0,(anonymous_30)
FNDA:0,(anonymous_31)
FNDA:0,(anonymous_32)
FNDA:0,(anonymous_33)
FNDA:0,(anonymous_34)
FNDA:0,(anonymous_35)
DA:3,0
DA:6,0
DA:7,0
DA:8,0
DA:9,0
DA:10,0
DA:11,0
DA:13,0
DA:14,0
DA:22,0
DA:23,0
DA:24,0
DA:71,0
DA:72,0
DA:153,0
DA:154,0
DA:155,0
DA:156,0
DA:158,0
DA:160,0
DA:162,0
DA:163,0
DA:180,0
DA:181,0
DA:185,0
DA:188,0
DA:189,0
DA:190,0
DA:193,0
DA:194,0
DA:221,0
DA:222,0
DA:226,0
DA:227,0
DA:228,0
DA:229,0
DA:234,0
DA:235,0
DA:236,0
DA:239,0
DA:240,0
DA:241,0
DA:242,0
DA:247,0
DA:248,0
DA:249,0
DA:252,0
DA:253,0
DA:265,0
DA:266,0
DA:268,0
DA:270,0
DA:277,0
DA:278,0
DA:351,0
DA:394,0
DA:404,0
DA:449,0
DA:491,0
DA:522,0
DA:532,0
DA:538,0
DA:544,0
DA:560,0
DA:561,0
DA:568,0
DA:569,0
DA:576,0
DA:577,0
LF:69
LH:0
BRDA:162,0,0,0
BRDA:165,1,0,0
BRDA:165,1,1,0
BRDA:229,2,0,0
BRDA:229,2,1,0
BRDA:242,3,0,0
BRDA:242,3,1,0
BRDA:266,4,0,0
BRDA:268,5,0,0
BRDA:268,5,1,0
BRDA:270,6,0,0
BRDA:270,6,1,0
BRDA:361,7,0,0
BRDA:361,7,1,0
BRDA:364,8,0,0
BRDA:371,9,0,0
BRDA:371,9,1,0
BRDA:376,10,0,0
BRDA:376,10,1,0
BRDA:445,11,0,0
BRDA:445,11,1,0
BRDA:447,12,0,0
BRDA:447,12,1,0
BRDA:460,13,0,0
BRDA:476,14,0,0
BRDA:486,15,0,0
BRDA:492,16,0,0
BRDA:492,16,1,0
BRDA:493,17,0,0
BRDA:493,17,1,0
BRDA:498,18,0,0
BRDA:500,19,0,0
BRDA:576,20,0,0
BRDA:576,20,1,0
BRF:34
BRH:0
end_of_record
TN:
SF:src/app/agents/page.tsx
FN:4,AgentPortal
FNF:1
FNH:0
FNDA:0,AgentPortal
DA:1,0
DA:2,0
DA:4,0
LF:3
LH:0
BRF:0
BRH:0
end_of_record
TN:
SF:src/app/agents/dashboard/page.tsx
FN:14,EstateAgentDashboard
FNF:1
FNH:0
FNDA:0,EstateAgentDashboard
DA:3,0
DA:4,0
DA:5,0
DA:6,0
DA:7,0
DA:8,0
DA:9,0
DA:10,0
DA:11,0
DA:12,0
DA:14,0
DA:15,0
DA:16,0
DA:19,0
LF:14
LH:0
BRDA:19,0,0,0
BRDA:19,0,1,0
BRF:2
BRH:0
end_of_record
TN:
SF:src/app/agents/leads/page.tsx
FN:3,AgentLeads
FNF:1
FNH:0
FNDA:0,AgentLeads
DA:1,0
DA:3,0
LF:2
LH:0
BRF:0
BRH:0
end_of_record
TN:
SF:src/app/agents/resources/page.tsx
FN:3,AgentResources
FNF:1
FNH:0
FNDA:0,AgentResources
DA:1,0
DA:3,0
LF:2
LH:0
BRF:0
BRH:0
end_of_record
TN:
SF:src/app/api/auth/route.ts
FN:51,POST
FN:181,GET
FN:227,PATCH
FN:274,(anonymous_8)
FNF:4
FNH:0
FNDA:0,POST
FNDA:0,GET
FNDA:0,PATCH
FNDA:0,(anonymous_8)
DA:2,0
DA:3,0
DA:4,0
DA:31,0
DA:36,0
DA:46,0
DA:51,0
DA:52,0
DA:53,0
DA:54,0
DA:56,0
DA:58,0
DA:61,0
DA:64,0
DA:73,0
DA:80,0
DA:81,0
DA:83,0
DA:86,0
DA:88,0
DA:95,0
DA:97,0
DA:99,0
DA:100,0
DA:107,0
DA:110,0
DA:119,0
DA:126,0
DA:127,0
DA:129,0
DA:131,0
DA:132,0
DA:138,0
DA:140,0
DA:141,0
DA:142,0
DA:145,0
DA:150,0
DA:152,0
DA:154,0
DA:160,0
DA:166,0
DA:167,0
DA:173,0
DA:181,0
DA:182,0
DA:183,0
DA:185,0
DA:186,0
DA:192,0
DA:194,0
DA:195,0
DA:196,0
DA:198,0
DA:199,0
DA:206,0
DA:208,0
DA:213,0
DA:219,0
DA:227,0
DA:228,0
DA:229,0
DA:231,0
DA:232,0
DA:238,0
DA:239,0
DA:241,0
DA:242,0
DA:245,0
DA:248,0
DA:249,0
DA:250,0
DA:251,0
DA:255,0
DA:256,0
DA:260,0
DA:261,0
DA:265,0
DA:274,0
DA:275,0
DA:276,0
DA:281,0
DA:282,0
DA:283,0
DA:286,0
DA:290,0
DA:292,0
DA:301,0
DA:304,0
DA:306,0
DA:311,0
DA:317,0
LF:92
LH:0
BRDA:54,0,0,0
BRDA:54,0,1,0
BRDA:56,1,0,0
BRDA:56,1,1,0
BRDA:81,2,0,0
BRDA:81,2,1,0
BRDA:95,3,0,0
BRDA:95,3,1,0
BRDA:97,4,0,0
BRDA:97,4,1,0
BRDA:99,5,0,0
BRDA:127,6,0,0
BRDA:127,6,1,0
BRDA:131,7,0,0
BRDA:131,8,0,0
BRDA:131,8,1,0
BRDA:166,9,0,0
BRDA:174,10,0,0
BRDA:174,10,1,0
BRDA:185,11,0,0
BRDA:185,12,0,0
BRDA:185,12,1,0
BRDA:198,13,0,0
BRDA:220,14,0,0
BRDA:220,14,1,0
BRDA:231,15,0,0
BRDA:231,16,0,0
BRDA:231,16,1,0
BRDA:248,17,0,0
BRDA:251,18,0,0
BRDA:251,18,1,0
BRDA:255,19,0,0
BRDA:260,20,0,0
BRDA:275,21,0,0
BRDA:281,22,0,0
BRDA:283,23,0,0
BRDA:283,23,1,0
BRDA:286,24,0,0
BRDA:286,24,1,0
BRDA:286,25,0,0
BRDA:286,25,1,0
BRDA:290,26,0,0
BRDA:290,26,1,0
BRDA:318,27,0,0
BRDA:318,27,1,0
BRF:45
BRH:0
end_of_record
TN:
SF:src/app/api/auth-disabled/route.ts
FN:4,GET
FN:10,POST
FNF:2
FNH:0
FNDA:0,GET
FNDA:0,POST
DA:2,0
DA:4,0
DA:5,0
DA:10,0
DA:11,0
DA:17,0
LF:6
LH:0
BRF:0
BRH:0
end_of_record
TN:
SF:src/app/api/auth/[...nextauth]/auth-server.ts
FN:24,(anonymous_4)
FN:62,serverSignIn
FN:91,deleteSessionCookies
FNF:3
FNH:0
FNDA:0,(anonymous_4)
FNDA:0,serverSignIn
FNDA:0,deleteSessionCookies
DA:8,0
DA:9,0
DA:13,0
DA:22,0
DA:24,0
DA:25,0
DA:27,0
DA:28,0
DA:30,0
DA:31,0
DA:35,0
DA:37,0
DA:38,0
DA:42,0
DA:45,0
DA:55,0
DA:62,0
DA:66,0
DA:67,0
DA:68,0
DA:72,0
DA:74,0
DA:75,0
DA:77,0
DA:81,0
DA:91,0
DA:92,0
DA:93,0
DA:94,0
LF:29
LH:0
BRDA:30,0,0,0
BRDA:37,1,0,0
BRDA:49,2,0,0
BRDA:49,2,1,0
BRDA:49,2,2,0
BRDA:50,3,0,0
BRDA:50,3,1,0
BRDA:67,4,0,0
BRDA:67,5,0,0
BRDA:67,5,1,0
BRDA:74,6,0,0
BRDA:74,6,1,0
BRDA:83,7,0,0
BRDA:83,7,1,0
BRF:14
BRH:0
end_of_record
TN:
SF:src/app/api/auth/[...nextauth]/auth.config.ts
FN:15,(anonymous_2)
FN:48,(anonymous_3)
FN:56,(anonymous_4)
FNF:3
FNH:0
FNDA:0,(anonymous_2)
FNDA:0,(anonymous_3)
FNDA:0,(anonymous_4)
DA:2,0
DA:3,0
DA:6,0
DA:16,0
DA:17,0
DA:20,0
DA:21,0
DA:26,0
DA:27,0
DA:33,0
DA:36,0
DA:49,0
DA:50,0
DA:51,0
DA:52,0
DA:54,0
DA:57,0
DA:58,0
DA:59,0
DA:60,0
DA:62,0
LF:21
LH:0
BRDA:16,0,0,0
BRDA:16,1,0,0
BRDA:16,1,1,0
BRDA:26,2,0,0
BRDA:26,3,0,0
BRDA:26,3,1,0
BRDA:45,4,0,0
BRDA:45,4,1,0
BRDA:49,5,0,0
BRDA:57,6,0,0
BRF:10
BRH:0
end_of_record
TN:
SF:src/app/api/auth/[...nextauth]/route.ts
FNF:0
FNH:0
DA:1,0
DA:2,0
DA:4,0
DA:6,0
LF:4
LH:0
BRF:0
BRH:0
end_of_record
TN:
SF:src/app/api/auth/[...nextauth]/server-helpers.ts
FN:16,getAllCookies
FN:18,(anonymous_6)
FN:24,getAllHeaders
FN:32,getCsrfToken
FN:40,deleteAuthCookies
FNF:5
FNH:0
FNDA:0,getAllCookies
FNDA:0,(anonymous_6)
FNDA:0,getAllHeaders
FNDA:0,getCsrfToken
FNDA:0,deleteAuthCookies
DA:8,0
DA:11,0
DA:16,0
DA:17,0
DA:18,0
DA:24,0
DA:25,0
DA:26,0
DA:32,0
DA:33,0
DA:34,0
DA:40,0
DA:41,0
DA:42,0
DA:43,0
LF:15
LH:0
BRF:0
BRH:0
end_of_record
TN:
SF:src/app/api/auth/check-user/route.ts
FN:11,POST
FN:65,(anonymous_3)
FN:106,(anonymous_4)
FN:142,hasWebAuthnSupport
FN:145,(anonymous_6)
FN:148,calculateRiskScore
FN:175,(anonymous_8)
FNF:7
FNH:0
FNDA:0,POST
FNDA:0,(anonymous_3)
FNDA:0,(anonymous_4)
FNDA:0,hasWebAuthnSupport
FNDA:0,(anonymous_6)
FNDA:0,calculateRiskScore
FNDA:0,(anonymous_8)
DA:1,0
DA:2,0
DA:3,0
DA:5,0
DA:11,0
DA:12,0
DA:13,0
DA:14,0
DA:16,0
DA:17,0
DA:24,0
DA:25,0
DA:26,0
DA:33,0
DA:44,0
DA:47,0
DA:53,0
DA:64,0
DA:65,0
DA:66,0
DA:68,0
DA:70,0
DA:72,0
DA:79,0
DA:88,0
DA:89,0
DA:90,0
DA:92,0
DA:98,0
DA:99,0
DA:102,0
DA:106,0
DA:109,0
DA:117,0
DA:122,0
DA:135,0
DA:144,0
DA:145,0
DA:155,0
DA:158,0
DA:159,0
DA:160,0
DA:164,0
DA:167,0
DA:168,0
DA:169,0
DA:170,0
DA:174,0
DA:175,0
DA:176,0
DA:180,0
DA:181,0
DA:184,0
LF:53
LH:0
BRDA:16,0,0,0
BRDA:25,1,0,0
BRDA:44,2,0,0
BRDA:53,3,0,0
BRDA:64,4,0,0
BRDA:64,4,1,0
BRDA:66,5,0,0
BRDA:66,5,1,0
BRDA:70,6,0,0
BRDA:88,7,0,0
BRDA:88,7,1,0
BRDA:89,8,0,0
BRDA:89,8,1,0
BRDA:90,9,0,0
BRDA:90,9,1,0
BRDA:98,10,0,0
BRDA:98,10,1,0
BRDA:105,11,0,0
BRDA:105,11,1,0
BRDA:112,12,0,0
BRDA:112,12,1,0
BRDA:112,12,2,0
BRDA:117,13,0,0
BRDA:117,13,1,0
BRDA:117,13,2,0
BRDA:117,13,3,0
BRDA:128,14,0,0
BRDA:128,14,1,0
BRDA:158,15,0,0
BRDA:158,15,1,0
BRDA:159,16,0,0
BRDA:167,17,0,0
BRDA:169,18,0,0
BRDA:170,19,0,0
BRDA:175,20,0,0
BRDA:180,21,0,0
BRDA:180,22,0,0
BRDA:180,22,1,0
BRF:38
BRH:0
end_of_record
TN:
SF:src/app/api/auth/data-deletion/route.ts
FN:14,(anonymous_4)
FN:22,POST
FN:110,deleteUserData
FN:112,(anonymous_7)
FN:203,GET
FNF:5
FNH:0
FNDA:0,(anonymous_4)
FNDA:0,POST
FNDA:0,deleteUserData
FNDA:0,(anonymous_7)
FNDA:0,GET
DA:1,0
DA:2,0
DA:3,0
DA:4,0
DA:5,0
DA:6,0
DA:8,0
DA:10,0
DA:14,0
DA:22,0
DA:23,0
DA:25,0
DA:26,0
DA:27,0
DA:34,0
DA:35,0
DA:38,0
DA:43,0
DA:44,0
DA:51,0
DA:63,0
DA:64,0
DA:74,0
DA:91,0
DA:93,0
DA:100,0
DA:112,0
DA:114,0
DA:130,0
DA:135,0
DA:145,0
DA:150,0
DA:155,0
DA:160,0
DA:165,0
DA:170,0
DA:175,0
DA:180,0
DA:189,0
DA:203,0
DA:204,0
DA:205,0
DA:206,0
DA:207,0
DA:214,0
DA:234,0
DA:235,0
DA:237,0
DA:238,0
DA:240,0
DA:241,0
DA:244,0
DA:253,0
LF:53
LH:0
BRDA:26,0,0,0
BRDA:43,1,0,0
BRDA:43,2,0,0
BRDA:43,2,1,0
BRDA:63,3,0,0
BRDA:85,4,0,0
BRDA:85,4,1,0
BRDA:86,5,0,0
BRDA:86,5,1,0
BRDA:124,6,0,0
BRDA:124,6,1,0
BRDA:125,7,0,0
BRDA:125,7,1,0
BRDA:206,8,0,0
BRDA:234,9,0,0
BRDA:234,9,1,0
BRDA:237,10,0,0
BRDA:240,11,0,0
BRDA:247,12,0,0
BRDA:247,12,1,0
BRF:20
BRH:0
end_of_record
TN:
SF:src/app/api/auth/data-export/route.ts
FN:20,POST
FN:94,collectUserData
FN:181,(anonymous_4)
FN:200,convertToCSV
FN:208,(anonymous_6)
FN:223,createZipArchive
FN:224,(anonymous_8)
FN:230,(anonymous_9)
FN:231,(anonymous_10)
FN:240,(anonymous_11)
FNF:10
FNH:0
FNDA:0,POST
FNDA:0,collectUserData
FNDA:0,(anonymous_4)
FNDA:0,convertToCSV
FNDA:0,(anonymous_6)
FNDA:0,createZipArchive
FNDA:0,(anonymous_8)
FNDA:0,(anonymous_9)
FNDA:0,(anonymous_10)
FNDA:0,(anonymous_11)
DA:1,0
DA:2,0
DA:3,0
DA:4,0
DA:5,0
DA:6,0
DA:9,0
DA:11,0
DA:20,0
DA:21,0
DA:23,0
DA:24,0
DA:25,0
DA:32,0
DA:33,0
DA:36,0
DA:39,0
DA:52,0
DA:54,0
DA:62,0
DA:63,0
DA:71,0
DA:72,0
DA:80,0
DA:84,0
DA:104,0
DA:171,0
DA:172,0
DA:173,0
DA:174,0
DA:177,0
DA:181,0
DA:202,0
DA:205,0
DA:206,0
DA:207,0
DA:208,0
DA:209,0
DA:210,0
DA:217,0
DA:224,0
DA:225,0
DA:226,0
DA:230,0
DA:231,0
DA:232,0
DA:235,0
DA:240,0
DA:241,0
DA:245,0
DA:247,0
DA:252,0
LF:52
LH:0
BRDA:24,0,0,0
BRDA:46,1,0,0
BRDA:46,1,1,0
BRDA:47,2,0,0
BRDA:47,2,1,0
BRDA:52,3,0,0
BRDA:52,3,1,0
BRDA:52,3,2,0
BRDA:52,3,3,0
BRDA:171,4,0,0
BRDA:207,5,0,0
BRDA:209,6,0,0
BRDA:245,7,0,0
BRDA:245,8,0,0
BRDA:245,8,1,0
BRF:15
BRH:0
end_of_record
TN:
SF:src/app/api/auth/login/route.ts
FN:13,POST
FNF:1
FNH:0
FNDA:0,POST
DA:2,0
DA:3,0
DA:4,0
DA:6,0
DA:13,0
DA:14,0
DA:15,0
DA:16,0
DA:18,0
DA:19,0
DA:26,0
DA:28,0
DA:33,0
DA:42,0
DA:47,0
DA:54,0
DA:58,0
DA:61,0
DA:63,0
DA:64,0
DA:68,0
DA:82,0
DA:90,0
DA:97,0
DA:99,0
DA:102,0
DA:103,0
DA:109,0
LF:28
LH:0
BRDA:18,0,0,0
BRDA:18,1,0,0
BRDA:18,1,1,0
BRDA:26,2,0,0
BRDA:26,3,0,0
BRDA:26,3,1,0
BRDA:28,4,0,0
BRDA:28,4,1,0
BRDA:29,5,0,0
BRDA:29,5,1,0
BRDA:30,6,0,0
BRDA:30,6,1,0
BRDA:31,7,0,0
BRDA:31,7,1,0
BRDA:63,8,0,0
BRDA:74,9,0,0
BRDA:74,9,1,0
BRDA:102,10,0,0
BRDA:102,11,0,0
BRDA:102,11,1,0
BRF:20
BRH:0
end_of_record
TN:
SF:src/app/api/auth/password-reset/route.ts
FN:31,isRequestResetBody
FN:35,isUpdatePasswordBody
FN:40,POST
FNF:3
FNH:0
FNDA:0,isRequestResetBody
FNDA:0,isUpdatePasswordBody
FNDA:0,POST
DA:2,0
DA:3,0
DA:4,0
DA:21,0
DA:25,0
DA:32,0
DA:36,0
DA:40,0
DA:41,0
DA:42,0
DA:43,0
DA:45,0
DA:47,0
DA:50,0
DA:53,0
DA:57,0
DA:59,0
DA:62,0
DA:64,0
DA:69,0
DA:75,0
DA:76,0
DA:82,0
DA:83,0
LF:24
LH:0
BRDA:32,0,0,0
BRDA:32,0,1,0
BRDA:43,1,0,0
BRDA:43,1,1,0
BRDA:45,2,0,0
BRDA:45,2,1,0
BRDA:57,3,0,0
BRDA:57,3,1,0
BRDA:75,4,0,0
BRDA:82,5,0,0
BRDA:82,5,1,0
BRF:11
BRH:0
end_of_record
TN:
SF:src/app/api/auth/register/route.ts
FN:19,POST
FNF:1
FNH:0
FNDA:0,POST
DA:1,0
DA:2,0
DA:3,0
DA:4,0
DA:5,0
DA:8,0
DA:19,0
DA:20,0
DA:21,0
DA:24,0
DA:25,0
DA:26,0
DA:32,0
DA:35,0
DA:39,0
DA:40,0
DA:47,0
DA:50,0
DA:74,0
DA:88,0
DA:93,0
DA:108,0
DA:109,0
DA:115,0
LF:24
LH:0
BRDA:25,0,0,0
BRDA:39,1,0,0
BRDA:55,2,0,0
BRDA:55,2,1,0
BRDA:58,3,0,0
BRDA:58,3,1,0
BRDA:59,4,0,0
BRDA:59,4,1,0
BRDA:63,5,0,0
BRDA:63,5,1,0
BRDA:88,6,0,0
BRDA:108,7,0,0
BRDA:108,8,0,0
BRDA:108,8,1,0
BRF:14
BRH:0
end_of_record
TN:
SF:src/app/api/auth/verify-email/route.ts
FN:12,POST
FN:50,GET
FNF:2
FNH:0
FNDA:0,POST
FNDA:0,GET
DA:2,0
DA:3,0
DA:4,0
DA:7,0
DA:12,0
DA:13,0
DA:14,0
DA:17,0
DA:20,0
DA:22,0
DA:28,0
DA:29,0
DA:35,0
DA:36,0
DA:42,0
DA:50,0
DA:51,0
DA:52,0
DA:53,0
DA:55,0
DA:56,0
DA:64,0
DA:70,0
DA:71,0
DA:77,0
LF:25
LH:0
BRDA:28,0,0,0
BRDA:35,1,0,0
BRDA:55,2,0,0
BRDA:70,3,0,0
BRF:4
BRH:0
end_of_record
TN:
SF:src/app/api/blockchain/dividends/route.ts
FN:47,POST
FN:147,GET
FNF:2
FNH:0
FNDA:0,POST
FNDA:0,GET
DA:6,0
DA:7,0
DA:8,0
DA:9,0
DA:10,0
DA:11,0
DA:14,0
DA:25,0
DA:32,0
DA:47,0
DA:48,0
DA:50,0
DA:51,0
DA:52,0
DA:59,0
DA:60,0
DA:62,0
DA:63,0
DA:72,0
DA:75,0
DA:76,0
DA:78,0
DA:85,0
DA:87,0
DA:88,0
DA:95,0
DA:96,0
DA:97,0
DA:99,0
DA:100,0
DA:107,0
DA:114,0
DA:117,0
DA:127,0
DA:136,0
DA:137,0
DA:147,0
DA:148,0
DA:150,0
DA:151,0
DA:152,0
DA:159,0
DA:160,0
DA:161,0
DA:163,0
DA:164,0
DA:171,0
DA:173,0
DA:174,0
DA:183,0
DA:184,0
DA:191,0
DA:192,0
DA:193,0
DA:194,0
DA:197,0
DA:199,0
DA:212,0
DA:213,0
LF:59
LH:0
BRDA:51,0,0,0
BRDA:62,1,0,0
BRDA:76,2,0,0
BRDA:76,3,0,0
BRDA:76,3,1,0
BRDA:87,4,0,0
BRDA:99,5,0,0
BRDA:151,6,0,0
BRDA:161,7,0,0
BRDA:161,7,1,0
BRDA:163,8,0,0
BRDA:173,9,0,0
BRF:12
BRH:0
end_of_record
TN:
SF:src/app/api/blockchain/purchase/route.ts
FN:37,POST
FN:136,GET
FNF:2
FNH:0
FNDA:0,POST
FNDA:0,GET
DA:6,0
DA:7,0
DA:8,0
DA:9,0
DA:10,0
DA:11,0
DA:13,0
DA:16,0
DA:22,0
DA:37,0
DA:38,0
DA:40,0
DA:41,0
DA:42,0
DA:49,0
DA:50,0
DA:52,0
DA:53,0
DA:62,0
DA:65,0
DA:67,0
DA:68,0
DA:74,0
DA:75,0
DA:81,0
DA:82,0
DA:83,0
DA:93,0
DA:94,0
DA:101,0
DA:108,0
DA:117,0
DA:125,0
DA:126,0
DA:136,0
DA:137,0
DA:139,0
DA:140,0
DA:141,0
DA:148,0
DA:149,0
DA:153,0
DA:157,0
DA:160,0
DA:162,0
DA:169,0
DA:170,0
LF:47
LH:0
BRDA:41,0,0,0
BRDA:52,1,0,0
BRDA:67,2,0,0
BRDA:74,3,0,0
BRDA:82,4,0,0
BRDA:140,5,0,0
BRDA:149,6,0,0
BRDA:149,6,1,0
BRF:8
BRH:0
end_of_record
TN:
SF:src/app/api/blockchain/tokenize/route.ts
FN:43,POST
FN:113,GET
FNF:2
FNH:0
FNDA:0,POST
FNDA:0,GET
DA:6,0
DA:7,0
DA:8,0
DA:9,0
DA:10,0
DA:11,0
DA:13,0
DA:16,0
DA:28,0
DA:43,0
DA:44,0
DA:46,0
DA:47,0
DA:48,0
DA:55,0
DA:56,0
DA:58,0
DA:59,0
DA:68,0
DA:71,0
DA:72,0
DA:73,0
DA:80,0
DA:87,0
DA:94,0
DA:102,0
DA:103,0
DA:113,0
DA:114,0
DA:116,0
DA:117,0
DA:118,0
DA:125,0
DA:126,0
DA:127,0
DA:129,0
DA:130,0
DA:137,0
DA:143,0
DA:144,0
DA:146,0
DA:153,0
DA:159,0
DA:160,0
LF:44
LH:0
BRDA:47,0,0,0
BRDA:58,1,0,0
BRDA:72,2,0,0
BRDA:72,3,0,0
BRDA:72,3,1,0
BRDA:117,4,0,0
BRDA:127,5,0,0
BRDA:127,5,1,0
BRDA:129,6,0,0
BRDA:144,7,0,0
BRF:10
BRH:0
end_of_record
TN:
SF:src/app/api/blockchain/verify/route.ts
FN:61,POST
FN:154,GET
FNF:2
FNH:0
FNDA:0,POST
FNDA:0,GET
DA:6,0
DA:7,0
DA:8,0
DA:9,0
DA:10,0
DA:11,0
DA:32,0
DA:35,0
DA:46,0
DA:61,0
DA:62,0
DA:64,0
DA:65,0
DA:66,0
DA:73,0
DA:74,0
DA:81,0
DA:82,0
DA:84,0
DA:85,0
DA:94,0
DA:97,0
DA:99,0
DA:100,0
DA:107,0
DA:108,0
DA:118,0
DA:121,0
DA:134,0
DA:143,0
DA:144,0
DA:154,0
DA:155,0
DA:157,0
DA:158,0
DA:159,0
DA:166,0
DA:167,0
DA:168,0
DA:170,0
DA:171,0
DA:178,0
DA:180,0
DA:181,0
DA:188,0
DA:189,0
DA:200,0
DA:212,0
DA:213,0
LF:49
LH:0
BRDA:65,0,0,0
BRDA:73,1,0,0
BRDA:84,2,0,0
BRDA:99,3,0,0
BRDA:107,4,0,0
BRDA:128,5,0,0
BRDA:128,5,1,0
BRDA:139,6,0,0
BRDA:139,6,1,0
BRDA:158,7,0,0
BRDA:168,8,0,0
BRDA:168,8,1,0
BRDA:170,9,0,0
BRDA:180,10,0,0
BRDA:203,11,0,0
BRDA:203,11,1,0
BRF:16
BRH:0
end_of_record
TN:
SF:src/app/api/booking/initiate/route.ts
FN:11,POST
FN:65,checkUnitAvailability
FN:83,createReservationSession
FNF:3
FNH:0
FNDA:0,POST
FNDA:0,checkUnitAvailability
FNDA:0,createReservationSession
DA:1,0
DA:2,0
DA:3,0
DA:4,0
DA:6,0
DA:11,0
DA:12,0
DA:13,0
DA:14,0
DA:15,0
DA:21,0
DA:22,0
DA:25,0
DA:26,0
DA:27,0
DA:34,0
DA:41,0
DA:51,0
DA:52,0
DA:58,0
DA:68,0
DA:86,0
DA:91,0
LF:23
LH:0
BRDA:14,0,0,0
BRDA:26,1,0,0
BRDA:51,2,0,0
BRF:3
BRH:0
end_of_record
TN:
SF:src/app/api/buyer/solicitor/route.ts
FN:18,POST
FN:77,validateLawSocietyRegistration
FN:93,updateReservationSolicitor
FN:123,sendSolicitorWelcomeEmail
FN:145,updateTransactionSolicitor
FNF:5
FNH:0
FNDA:0,POST
FNDA:0,validateLawSocietyRegistration
FNDA:0,updateReservationSolicitor
FNDA:0,sendSolicitorWelcomeEmail
FNDA:0,updateTransactionSolicitor
DA:1,0
DA:2,0
DA:3,0
DA:4,0
DA:6,0
DA:18,0
DA:19,0
DA:20,0
DA:21,0
DA:22,0
DA:28,0
DA:29,0
DA:32,0
DA:36,0
DA:37,0
DA:44,0
DA:50,0
DA:53,0
DA:55,0
DA:63,0
DA:64,0
DA:70,0
DA:80,0
DA:86,0
DA:89,0
DA:95,0
DA:120,0
DA:125,0
LF:28
LH:0
BRDA:21,0,0,0
BRDA:36,1,0,0
BRDA:63,2,0,0
BRDA:86,3,0,0
BRDA:86,3,1,0
BRF:5
BRH:0
end_of_record
TN:
SF:src/app/api/compliance/audits/route.ts
FN:68,GET
FN:78,(anonymous_5)
FN:82,(anonymous_6)
FN:87,(anonymous_7)
FN:92,(anonymous_8)
FN:98,POST
FN:120,PUT
FN:125,(anonymous_11)
FNF:8
FNH:0
FNDA:0,GET
FNDA:0,(anonymous_5)
FNDA:0,(anonymous_6)
FNDA:0,(anonymous_7)
FNDA:0,(anonymous_8)
FNDA:0,POST
FNDA:0,PUT
FNDA:0,(anonymous_11)
DA:1,0
DA:4,0
DA:68,0
DA:69,0
DA:70,0
DA:71,0
DA:72,0
DA:73,0
DA:75,0
DA:77,0
DA:78,0
DA:81,0
DA:82,0
DA:85,0
DA:86,0
DA:87,0
DA:90,0
DA:91,0
DA:92,0
DA:95,0
DA:98,0
DA:99,0
DA:100,0
DA:101,0
DA:109,0
DA:111,0
DA:113,0
DA:120,0
DA:121,0
DA:122,0
DA:123,0
DA:125,0
DA:126,0
DA:127,0
DA:133,0
DA:138,0
DA:140,0
LF:37
LH:0
BRDA:77,0,0,0
BRDA:81,1,0,0
BRDA:85,2,0,0
BRDA:90,3,0,0
BRDA:126,4,0,0
BRF:5
BRH:0
end_of_record
TN:
SF:src/app/api/compliance/reports/route.ts
FN:109,GET
FN:119,(anonymous_6)
FN:123,(anonymous_7)
FN:127,(anonymous_8)
FN:131,(anonymous_9)
FN:137,POST
FN:168,PUT
FN:173,(anonymous_12)
FN:207,DELETE
FN:218,(anonymous_14)
FNF:10
FNH:0
FNDA:0,GET
FNDA:0,(anonymous_6)
FNDA:0,(anonymous_7)
FNDA:0,(anonymous_8)
FNDA:0,(anonymous_9)
FNDA:0,POST
FNDA:0,PUT
FNDA:0,(anonymous_12)
FNDA:0,DELETE
FNDA:0,(anonymous_14)
DA:1,0
DA:4,0
DA:109,0
DA:110,0
DA:111,0
DA:112,0
DA:113,0
DA:114,0
DA:116,0
DA:118,0
DA:119,0
DA:122,0
DA:123,0
DA:126,0
DA:127,0
DA:130,0
DA:131,0
DA:134,0
DA:137,0
DA:138,0
DA:139,0
DA:140,0
DA:157,0
DA:159,0
DA:161,0
DA:168,0
DA:169,0
DA:170,0
DA:171,0
DA:173,0
DA:174,0
DA:175,0
DA:181,0
DA:182,0
DA:196,0
DA:198,0
DA:200,0
DA:207,0
DA:208,0
DA:209,0
DA:211,0
DA:212,0
DA:218,0
DA:219,0
DA:220,0
DA:226,0
DA:228,0
LF:47
LH:0
BRDA:118,0,0,0
BRDA:122,1,0,0
BRDA:126,2,0,0
BRDA:130,3,0,0
BRDA:174,4,0,0
BRDA:190,5,0,0
BRDA:190,5,1,0
BRDA:191,6,0,0
BRDA:191,6,1,0
BRDA:211,7,0,0
BRDA:219,8,0,0
BRF:11
BRH:0
end_of_record
TN:
SF:src/app/api/compliance/requirements/route.ts
FN:49,GET
FN:58,(anonymous_4)
FN:62,(anonymous_5)
FN:66,(anonymous_6)
FN:72,POST
FNF:5
FNH:0
FNDA:0,GET
FNDA:0,(anonymous_4)
FNDA:0,(anonymous_5)
FNDA:0,(anonymous_6)
FNDA:0,POST
DA:1,0
DA:4,0
DA:49,0
DA:50,0
DA:51,0
DA:52,0
DA:53,0
DA:55,0
DA:57,0
DA:58,0
DA:61,0
DA:62,0
DA:65,0
DA:66,0
DA:69,0
DA:72,0
DA:73,0
DA:74,0
DA:75,0
DA:82,0
DA:84,0
DA:86,0
LF:22
LH:0
BRDA:57,0,0,0
BRDA:61,1,0,0
BRDA:65,2,0,0
BRF:3
BRH:0
end_of_record
TN:
SF:src/app/api/compliance/violations/route.ts
FN:102,GET
FN:113,(anonymous_5)
FN:117,(anonymous_6)
FN:121,(anonymous_7)
FN:126,(anonymous_8)
FN:131,(anonymous_9)
FN:137,POST
FN:164,PUT
FN:169,(anonymous_12)
FNF:9
FNH:0
FNDA:0,GET
FNDA:0,(anonymous_5)
FNDA:0,(anonymous_6)
FNDA:0,(anonymous_7)
FNDA:0,(anonymous_8)
FNDA:0,(anonymous_9)
FNDA:0,POST
FNDA:0,PUT
FNDA:0,(anonymous_12)
DA:1,0
DA:4,0
DA:102,0
DA:103,0
DA:104,0
DA:105,0
DA:106,0
DA:107,0
DA:108,0
DA:110,0
DA:112,0
DA:113,0
DA:116,0
DA:117,0
DA:120,0
DA:121,0
DA:124,0
DA:125,0
DA:126,0
DA:129,0
DA:130,0
DA:131,0
DA:134,0
DA:137,0
DA:138,0
DA:139,0
DA:140,0
DA:153,0
DA:155,0
DA:157,0
DA:164,0
DA:165,0
DA:166,0
DA:167,0
DA:169,0
DA:170,0
DA:171,0
DA:177,0
DA:180,0
DA:181,0
DA:191,0
DA:196,0
DA:198,0
LF:43
LH:0
BRDA:112,0,0,0
BRDA:116,1,0,0
BRDA:120,2,0,0
BRDA:124,3,0,0
BRDA:129,4,0,0
BRDA:145,5,0,0
BRDA:145,5,1,0
BRDA:170,6,0,0
BRDA:180,7,0,0
BRDA:180,8,0,0
BRDA:180,8,1,0
BRDA:182,9,0,0
BRDA:182,9,1,0
BRDA:184,10,0,0
BRDA:184,10,1,0
BRF:15
BRH:0
end_of_record
TN:
SF:src/app/api/contracts/finalize/route.ts
FN:12,POST
FN:119,verifyDocuSignCompletion
FN:160,getReservationDetails
FN:183,finalizeReservation
FN:200,updateDepositStatus
FN:214,updateTransactionFinal
FN:226,sendContractCompletionNotifications
FN:263,scheduleNextStepReminders
FN:282,logFinancialEvent
FNF:9
FNH:0
FNDA:0,POST
FNDA:0,verifyDocuSignCompletion
FNDA:0,getReservationDetails
FNDA:0,finalizeReservation
FNDA:0,updateDepositStatus
FNDA:0,updateTransactionFinal
FNDA:0,sendContractCompletionNotifications
FNDA:0,scheduleNextStepReminders
FNDA:0,logFinancialEvent
DA:1,0
DA:2,0
DA:3,0
DA:4,0
DA:6,0
DA:12,0
DA:13,0
DA:14,0
DA:15,0
DA:16,0
DA:22,0
DA:23,0
DA:26,0
DA:28,0
DA:29,0
DA:36,0
DA:37,0
DA:38,0
DA:45,0
DA:54,0
DA:57,0
DA:64,0
DA:65,0
DA:66,0
DA:68,0
DA:69,0
DA:72,0
DA:75,0
DA:80,0
DA:105,0
DA:106,0
DA:112,0
DA:123,0
DA:131,0
DA:153,0
DA:162,0
DA:185,0
DA:197,0
DA:207,0
DA:228,0
DA:265,0
LF:41
LH:0
BRDA:15,0,0,0
BRDA:28,1,0,0
BRDA:37,2,0,0
BRDA:47,3,0,0
BRDA:47,3,1,0
BRDA:105,4,0,0
BRF:6
BRH:0
end_of_record
TN:
SF:src/app/api/contracts/generate/route.ts
FN:10,POST
FN:79,getReservationDetails
FN:117,buildContractData
FN:147,generateContractPDF
FN:156,storeContract
FN:174,updateReservationContract
FN:183,notifyContractGenerated
FN:204,updateTransactionStage
FNF:8
FNH:0
FNDA:0,POST
FNDA:0,getReservationDetails
FNDA:0,buildContractData
FNDA:0,generateContractPDF
FNDA:0,storeContract
FNDA:0,updateReservationContract
FNDA:0,notifyContractGenerated
FNDA:0,updateTransactionStage
DA:1,0
DA:2,0
DA:3,0
DA:4,0
DA:6,0
DA:10,0
DA:11,0
DA:12,0
DA:13,0
DA:14,0
DA:20,0
DA:21,0
DA:24,0
DA:25,0
DA:26,0
DA:33,0
DA:34,0
DA:35,0
DA:38,0
DA:45,0
DA:48,0
DA:50,0
DA:65,0
DA:66,0
DA:72,0
DA:81,0
DA:118,0
DA:119,0
DA:121,0
DA:152,0
DA:153,0
DA:158,0
DA:159,0
DA:171,0
DA:185,0
LF:35
LH:0
BRDA:13,0,0,0
BRDA:25,1,0,0
BRDA:65,2,0,0
BRF:3
BRH:0
end_of_record
TN:
SF:src/app/api/create-test-user/route.ts
FN:5,GET
FNF:1
FNH:0
FNDA:0,GET
DA:1,0
DA:2,0
DA:3,0
DA:5,0
DA:6,0
DA:8,0
DA:12,0
DA:13,0
DA:20,0
DA:21,0
DA:35,0
DA:45,0
LF:12
LH:0
BRDA:12,0,0,0
BRF:1
BRH:0
end_of_record
TN:
SF:src/app/api/deployment-status/route.ts
FN:13,GET
FNF:1
FNH:0
FNDA:0,GET
DA:1,0
DA:2,0
DA:5,0
DA:6,0
DA:7,0
DA:13,0
DA:14,0
DA:16,0
DA:18,0
DA:19,0
DA:20,0
DA:21,0
DA:22,0
DA:23,0
DA:25,0
DA:26,0
DA:29,0
DA:30,0
DA:34,0
DA:42,0
DA:44,0
DA:59,0
LF:22
LH:0
BRDA:21,0,0,0
BRDA:21,0,1,0
BRDA:30,1,0,0
BRDA:30,1,1,0
BRDA:42,2,0,0
BRDA:42,2,1,0
BRDA:52,3,0,0
BRDA:52,3,1,0
BRDA:63,4,0,0
BRDA:63,4,1,0
BRF:10
BRH:0
end_of_record
TN:
SF:src/app/api/deposit/confirm/route.ts
FN:12,POST
FN:73,verifyPayment
FN:87,updateReservationStatus
FN:105,transferToEscrow
FN:111,sendBuyerDepositConfirmation
FN:116,notifyLegalTeam
FN:121,notifySolicitor
FN:128,createOrUpdateTransaction
FNF:8
FNH:0
FNDA:0,POST
FNDA:0,verifyPayment
FNDA:0,updateReservationStatus
FNDA:0,transferToEscrow
FNDA:0,sendBuyerDepositConfirmation
FNDA:0,notifyLegalTeam
FNDA:0,notifySolicitor
FNDA:0,createOrUpdateTransaction
DA:1,0
DA:2,0
DA:3,0
DA:4,0
DA:6,0
DA:12,0
DA:13,0
DA:14,0
DA:15,0
DA:16,0
DA:22,0
DA:23,0
DA:26,0
DA:27,0
DA:28,0
DA:35,0
DA:38,0
DA:41,0
DA:48,0
DA:50,0
DA:59,0
DA:60,0
DA:66,0
DA:76,0
DA:80,0
DA:83,0
DA:89,0
DA:123,0
DA:131,0
DA:140,0
LF:30
LH:0
BRDA:15,0,0,0
BRDA:27,1,0,0
BRDA:59,2,0,0
BRDA:123,3,0,0
BRF:4
BRH:0
end_of_record
TN:
SF:src/app/api/developer/developments/route.ts
FN:35,GET
FN:99,POST
FNF:2
FNH:0
FNDA:0,GET
FNDA:0,POST
DA:1,0
DA:2,0
DA:3,0
DA:4,0
DA:5,0
DA:6,0
DA:9,0
DA:35,0
DA:36,0
DA:37,0
DA:39,0
DA:40,0
DA:47,0
DA:56,0
DA:57,0
DA:63,0
DA:88,0
DA:90,0
DA:91,0
DA:99,0
DA:100,0
DA:101,0
DA:103,0
DA:104,0
DA:111,0
DA:120,0
DA:121,0
DA:128,0
DA:131,0
DA:157,0
DA:160,0
DA:161,0
DA:162,0
DA:163,0
DA:164,0
DA:167,0
DA:173,0
DA:174,0
DA:177,0
DA:178,0
DA:181,0
DA:182,0
DA:185,0
DA:186,0
DA:189,0
DA:190,0
DA:194,0
DA:209,0
DA:261,0
DA:268,0
DA:270,0
DA:271,0
DA:277,0
LF:53
LH:0
BRDA:39,0,0,0
BRDA:56,1,0,0
BRDA:103,2,0,0
BRDA:120,3,0,0
BRDA:136,4,0,0
BRDA:136,4,1,0
BRDA:146,5,0,0
BRDA:146,5,1,0
BRDA:147,6,0,0
BRDA:147,6,1,0
BRDA:148,7,0,0
BRDA:148,7,1,0
BRDA:149,8,0,0
BRDA:149,8,1,0
BRDA:150,9,0,0
BRDA:150,9,1,0
BRDA:173,10,0,0
BRDA:173,11,0,0
BRDA:173,11,1,0
BRDA:177,12,0,0
BRDA:177,13,0,0
BRDA:177,13,1,0
BRDA:181,14,0,0
BRDA:181,15,0,0
BRDA:181,15,1,0
BRDA:185,16,0,0
BRDA:185,17,0,0
BRDA:185,17,1,0
BRDA:189,18,0,0
BRDA:189,19,0,0
BRDA:189,19,1,0
BRDA:219,20,0,0
BRDA:219,20,1,0
BRDA:221,21,0,0
BRDA:221,21,1,0
BRDA:223,22,0,0
BRDA:223,22,1,0
BRDA:224,23,0,0
BRDA:224,23,1,0
BRDA:224,24,0,0
BRDA:224,24,1,0
BRDA:244,25,0,0
BRDA:244,25,1,0
BRDA:270,26,0,0
BRF:44
BRH:0
end_of_record
TN:
SF:src/app/api/developer/developments/[id]/route.ts
FN:9,GET
FN:66,(anonymous_5)
FN:70,(anonymous_6)
FN:97,PUT
FN:124,DELETE
FNF:5
FNH:0
FNDA:0,GET
FNDA:0,(anonymous_5)
FNDA:0,(anonymous_6)
FNDA:0,PUT
FNDA:0,DELETE
DA:1,0
DA:2,0
DA:9,0
DA:13,0
DA:15,0
DA:16,0
DA:50,0
DA:51,0
DA:58,0
DA:66,0
DA:67,0
DA:68,0
DA:70,0
DA:71,0
DA:72,0
DA:73,0
DA:74,0
DA:75,0
DA:76,0
DA:77,0
DA:82,0
DA:89,0
DA:97,0
DA:101,0
DA:102,0
DA:104,0
DA:105,0
DA:112,0
DA:116,0
DA:124,0
DA:128,0
DA:130,0
DA:131,0
DA:137,0
DA:141,0
LF:35
LH:0
BRDA:50,0,0,0
BRDA:71,1,0,0
BRDA:71,1,1,0
BRDA:73,2,0,0
BRDA:73,2,1,0
BRDA:74,3,0,0
BRDA:74,3,1,0
BRDA:76,4,0,0
BRF:8
BRH:0
end_of_record
TN:
SF:src/app/api/developer/developments/[id]/units/route.ts
FN:9,GET
FN:73,POST
FNF:2
FNH:0
FNDA:0,GET
FNDA:0,POST
DA:1,0
DA:2,0
DA:9,0
DA:13,0
DA:14,0
DA:15,0
DA:16,0
DA:17,0
DA:19,0
DA:23,0
DA:24,0
DA:27,0
DA:28,0
DA:31,0
DA:62,0
DA:65,0
DA:73,0
DA:77,0
DA:78,0
DA:79,0
DA:81,0
DA:92,0
DA:99,0
DA:100,0
DA:109,0
DA:112,0
LF:26
LH:0
BRDA:23,0,0,0
BRDA:27,1,0,0
BRDA:99,2,0,0
BRDA:104,3,0,0
BRDA:104,3,1,0
BRF:5
BRH:0
end_of_record
TN:
SF:src/app/api/developer/developments/[id]/units/[unitId]/route.ts
FN:9,GET
FN:61,PUT
FNF:2
FNH:0
FNDA:0,GET
FNDA:0,PUT
DA:5,0
DA:6,0
DA:9,0
DA:13,0
DA:14,0
DA:15,0
DA:43,0
DA:44,0
DA:50,0
DA:53,0
DA:61,0
DA:65,0
DA:66,0
DA:67,0
DA:70,0
DA:74,0
DA:75,0
DA:81,0
DA:89,0
DA:90,0
DA:93,0
DA:94,0
DA:95,0
DA:98,0
DA:99,0
DA:100,0
DA:102,0
DA:108,0
DA:109,0
DA:110,0
DA:112,0
DA:113,0
DA:120,0
DA:123,0
LF:34
LH:0
BRDA:43,0,0,0
BRDA:74,1,0,0
BRDA:89,2,0,0
BRDA:93,3,0,0
BRDA:94,4,0,0
BRDA:95,5,0,0
BRDA:98,6,0,0
BRDA:99,7,0,0
BRDA:100,8,0,0
BRDA:109,9,0,0
BRDA:110,10,0,0
BRDA:112,11,0,0
BRDA:112,12,0,0
BRDA:112,12,1,0
BRF:14
BRH:0
end_of_record
TN:
SF:src/app/api/developments/[id]/route.ts
FN:17,GET
FN:36,(anonymous_2)
FNF:2
FNH:0
FNDA:0,GET
FNDA:0,(anonymous_2)
DA:10,0
DA:11,0
DA:14,0
DA:15,0
DA:17,0
DA:21,0
DA:23,0
DA:24,0
DA:25,0
DA:31,0
DA:32,0
DA:33,0
DA:36,0
DA:38,0
DA:39,0
DA:42,0
DA:45,0
LF:17
LH:0
BRDA:24,0,0,0
BRDA:38,1,0,0
BRF:2
BRH:0
end_of_record
TN:
SF:src/app/api/finance/index.ts
FNF:0
FNH:0
DA:4,0
DA:7,0
DA:10,0
LF:3
LH:0
BRF:0
BRH:0
end_of_record
TN:
SF:src/app/api/finance/budget-vs-actual/route.ts
FN:9,GET
FN:99,(anonymous_4)
FN:104,(anonymous_5)
FN:105,(anonymous_6)
FN:106,(anonymous_7)
FN:107,(anonymous_8)
FN:111,(anonymous_9)
FN:144,POST
FNF:8
FNH:0
FNDA:0,GET
FNDA:0,(anonymous_4)
FNDA:0,(anonymous_5)
FNDA:0,(anonymous_6)
FNDA:0,(anonymous_7)
FNDA:0,(anonymous_8)
FNDA:0,(anonymous_9)
FNDA:0,POST
DA:1,0
DA:2,0
DA:3,0
DA:9,0
DA:10,0
DA:11,0
DA:14,0
DA:15,0
DA:22,0
DA:23,0
DA:24,0
DA:26,0
DA:27,0
DA:34,0
DA:98,0
DA:99,0
DA:103,0
DA:104,0
DA:105,0
DA:106,0
DA:108,0
DA:112,0
DA:118,0
DA:125,0
DA:133,0
DA:144,0
DA:145,0
DA:146,0
DA:149,0
DA:150,0
DA:157,0
DA:158,0
DA:160,0
DA:161,0
DA:169,0
DA:177,0
LF:36
LH:0
BRDA:14,0,0,0
BRDA:14,1,0,0
BRDA:14,1,1,0
BRDA:26,2,0,0
BRDA:98,3,0,0
BRDA:98,3,1,0
BRDA:108,4,0,0
BRDA:108,4,1,0
BRDA:108,4,2,0
BRDA:108,4,3,0
BRDA:112,5,0,0
BRDA:112,5,1,0
BRDA:112,5,2,0
BRDA:112,5,3,0
BRDA:149,6,0,0
BRDA:149,7,0,0
BRDA:149,7,1,0
BRDA:160,8,0,0
BRDA:160,9,0,0
BRDA:160,9,1,0
BRDA:160,9,2,0
BRF:21
BRH:0
end_of_record
TN:
SF:src/app/api/health/route.ts
FN:51,checkDatabase
FN:82,checkRedis
FN:113,checkExternalServices
FN:147,getSystemInfo
FN:177,GET
FN:195,(anonymous_7)
FN:196,(anonymous_8)
FN:250,(anonymous_9)
FNF:8
FNH:0
FNDA:0,checkDatabase
FNDA:0,checkRedis
FNDA:0,checkExternalServices
FNDA:0,getSystemInfo
FNDA:0,GET
FNDA:0,(anonymous_7)
FNDA:0,(anonymous_8)
FNDA:0,(anonymous_9)
DA:1,0
DA:3,0
DA:4,0
DA:43,0
DA:44,0
DA:45,0
DA:52,0
DA:54,0
DA:55,0
DA:56,0
DA:64,0
DA:66,0
DA:74,0
DA:83,0
DA:85,0
DA:87,0
DA:88,0
DA:97,0
DA:105,0
DA:114,0
DA:115,0
DA:118,0
DA:119,0
DA:131,0
DA:132,0
DA:139,0
DA:148,0
DA:149,0
DA:150,0
DA:152,0
DA:153,0
DA:155,0
DA:157,0
DA:177,0
DA:178,0
DA:180,0
DA:182,0
DA:188,0
DA:195,0
DA:196,0
DA:199,0
DA:200,0
DA:201,0
DA:202,0
DA:204,0
DA:207,0
DA:219,0
DA:225,0
DA:231,0
DA:249,0
DA:250,0
DA:251,0
DA:252,0
LF:53
LH:0
BRDA:55,0,0,0
BRDA:70,1,0,0
BRDA:70,1,1,0
BRDA:76,2,0,0
BRDA:76,2,1,0
BRDA:87,3,0,0
BRDA:107,4,0,0
BRDA:107,4,1,0
BRDA:118,5,0,0
BRDA:123,6,0,0
BRDA:123,6,1,0
BRDA:124,7,0,0
BRDA:124,7,1,0
BRDA:125,8,0,0
BRDA:125,8,1,0
BRDA:131,9,0,0
BRDA:140,10,0,0
BRDA:140,10,1,0
BRDA:141,11,0,0
BRDA:141,11,1,0
BRDA:199,12,0,0
BRDA:199,12,1,0
BRDA:201,13,0,0
BRDA:201,13,1,0
BRDA:211,14,0,0
BRDA:211,14,1,0
BRDA:213,15,0,0
BRDA:213,15,1,0
BRDA:226,16,0,0
BRDA:226,16,1,0
BRDA:235,17,0,0
BRDA:235,17,1,0
BRDA:236,18,0,0
BRDA:236,18,1,0
BRDA:249,19,0,0
BRDA:251,20,0,0
BRF:36
BRH:0
end_of_record
TN:
SF:src/app/api/health/simple/route.ts
FN:3,GET
FNF:1
FNH:0
FNDA:0,GET
DA:1,0
DA:3,0
DA:4,0
LF:3
LH:0
BRDA:6,0,0,0
BRDA:6,0,1,0
BRDA:7,1,0,0
BRDA:7,1,1,0
BRF:4
BRH:0
end_of_record
TN:
SF:src/app/api/htb/buyer/claims/route.ts
FN:4,POST
FN:52,GET
FNF:2
FNH:0
FNDA:0,POST
FNDA:0,GET
DA:1,0
DA:4,0
DA:5,0
DA:6,0
DA:9,0
DA:43,0
DA:45,0
DA:52,0
DA:54,0
LF:9
LH:0
BRDA:13,0,0,0
BRDA:13,0,1,0
BRF:2
BRH:0
end_of_record
TN:
SF:src/app/api/htb/buyer/claims/[id]/route.ts
FN:7,GET
FNF:1
FNH:0
FNDA:0,GET
DA:5,0
DA:7,0
DA:11,0
DA:13,0
DA:49,0
LF:5
LH:0
BRF:0
BRH:0
end_of_record
TN:
SF:src/app/api/kyc/status/route.ts
FN:8,GET
FN:39,POST
FNF:2
FNH:0
FNDA:0,GET
FNDA:0,POST
DA:1,0
DA:2,0
DA:3,0
DA:6,0
DA:8,0
DA:9,0
DA:10,0
DA:12,0
DA:13,0
DA:19,0
DA:23,0
DA:25,0
DA:32,0
DA:39,0
DA:40,0
DA:41,0
DA:43,0
DA:44,0
DA:50,0
DA:54,0
DA:56,0
DA:64,0
LF:22
LH:0
BRDA:12,0,0,0
BRDA:28,1,0,0
BRDA:28,1,1,0
BRDA:43,2,0,0
BRF:4
BRH:0
end_of_record
TN:
SF:src/app/api/legal/reservations/[id]/route.ts
FN:11,GET
FN:59,PATCH
FN:121,getLegalReservation
FN:151,canAccessReservation
FN:157,canUpdateReservation
FN:163,updateLegalReservation
FN:182,logReservationUpdate
FNF:7
FNH:0
FNDA:0,GET
FNDA:0,PATCH
FNDA:0,getLegalReservation
FNDA:0,canAccessReservation
FNDA:0,canUpdateReservation
FNDA:0,updateLegalReservation
FNDA:0,logReservationUpdate
DA:1,0
DA:2,0
DA:3,0
DA:4,0
DA:6,0
DA:11,0
DA:15,0
DA:16,0
DA:17,0
DA:18,0
DA:24,0
DA:27,0
DA:28,0
DA:29,0
DA:36,0
DA:37,0
DA:43,0
DA:51,0
DA:59,0
DA:63,0
DA:64,0
DA:65,0
DA:66,0
DA:72,0
DA:73,0
DA:74,0
DA:77,0
DA:78,0
DA:79,0
DA:86,0
DA:87,0
DA:94,0
DA:97,0
DA:99,0
DA:107,0
DA:108,0
DA:114,0
DA:126,0
DA:154,0
DA:160,0
DA:165,0
DA:176,0
DA:184,0
LF:43
LH:0
BRDA:17,0,0,0
BRDA:28,1,0,0
BRDA:36,2,0,0
BRDA:65,3,0,0
BRDA:78,4,0,0
BRDA:86,5,0,0
BRDA:107,6,0,0
BRF:7
BRH:0
end_of_record
TN:
SF:src/app/api/monitoring/api-metrics/route.ts
FN:21,(anonymous_3)
FN:49,(anonymous_4)
FN:66,POST
FN:83,(anonymous_6)
FN:97,(anonymous_7)
FN:99,(anonymous_8)
FN:100,(anonymous_9)
FN:129,GET
FNF:8
FNH:0
FNDA:0,(anonymous_3)
FNDA:0,(anonymous_4)
FNDA:0,POST
FNDA:0,(anonymous_6)
FNDA:0,(anonymous_7)
FNDA:0,(anonymous_8)
FNDA:0,(anonymous_9)
FNDA:0,GET
DA:1,0
DA:17,0
DA:22,0
DA:24,0
DA:25,0
DA:29,0
DA:30,0
DA:35,0
DA:42,0
DA:50,0
DA:51,0
DA:54,0
DA:55,0
DA:58,0
DA:66,0
DA:67,0
DA:69,0
DA:71,0
DA:72,0
DA:79,0
DA:80,0
DA:83,0
DA:91,0
DA:96,0
DA:97,0
DA:98,0
DA:99,0
DA:100,0
DA:104,0
DA:118,0
DA:129,0
DA:131,0
DA:133,0
DA:134,0
DA:142,0
LF:35
LH:0
BRDA:25,0,0,0
BRDA:25,0,1,0
BRDA:29,1,0,0
BRDA:50,2,0,0
BRDA:50,3,0,0
BRDA:50,3,1,0
BRDA:54,4,0,0
BRDA:71,5,0,0
BRDA:86,6,0,0
BRDA:86,6,1,0
BRDA:91,7,0,0
BRDA:133,8,0,0
BRDA:133,9,0,0
BRDA:133,9,1,0
BRF:14
BRH:0
end_of_record
TN:
SF:src/app/api/payments/create-intent/route.ts
FN:20,POST
FNF:1
FNH:0
FNDA:0,POST
DA:1,0
DA:2,0
DA:3,0
DA:4,0
DA:5,0
DA:6,0
DA:8,0
DA:13,0
DA:20,0
DA:21,0
DA:22,0
DA:23,0
DA:24,0
DA:27,0
DA:28,0
DA:31,0
DA:35,0
DA:36,0
DA:39,0
DA:50,0
DA:51,0
DA:55,0
DA:56,0
DA:60,0
DA:62,0
DA:63,0
DA:72,0
DA:75,0
DA:82,0
DA:100,0
DA:117,0
DA:131,0
DA:139,0
DA:140,0
DA:146,0
DA:147,0
DA:153,0
LF:37
LH:0
BRDA:8,0,0,0
BRDA:8,0,1,0
BRDA:23,1,0,0
BRDA:35,2,0,0
BRDA:50,3,0,0
BRDA:55,4,0,0
BRDA:62,5,0,0
BRDA:66,6,0,0
BRDA:66,6,1,0
BRDA:139,7,0,0
BRDA:146,8,0,0
BRF:11
BRH:0
end_of_record
TN:
SF:src/app/api/ping/route.ts
FN:1,GET
FNF:1
FNH:0
FNDA:0,GET
DA:1,0
DA:2,0
LF:2
LH:0
BRF:0
BRH:0
end_of_record
TN:
SF:src/app/api/projects/[id]/route.ts
FN:16,GET
FN:59,PATCH
FNF:2
FNH:0
FNDA:0,GET
FNDA:0,PATCH
DA:5,0
DA:6,0
DA:7,0
DA:8,0
DA:9,0
DA:16,0
DA:20,0
DA:22,0
DA:23,0
DA:24,0
DA:30,0
DA:33,0
DA:36,0
DA:38,0
DA:39,0
DA:45,0
DA:47,0
DA:48,0
DA:59,0
DA:63,0
DA:65,0
DA:66,0
DA:67,0
DA:73,0
DA:74,0
DA:77,0
DA:80,0
DA:82,0
DA:83,0
DA:89,0
DA:91,0
DA:92,0
LF:32
LH:0
BRDA:23,0,0,0
BRDA:38,1,0,0
BRDA:66,2,0,0
BRDA:82,3,0,0
BRF:4
BRH:0
end_of_record
TN:
SF:src/app/api/projects/[id]/alerts/route.ts
FN:13,GET
FN:88,PATCH
FN:129,(anonymous_5)
FNF:3
FNH:0
FNDA:0,GET
FNDA:0,PATCH
FNDA:0,(anonymous_5)
DA:5,0
DA:6,0
DA:7,0
DA:13,0
DA:17,0
DA:18,0
DA:21,0
DA:22,0
DA:28,0
DA:30,0
DA:31,0
DA:38,0
DA:74,0
DA:77,0
DA:88,0
DA:92,0
DA:93,0
DA:96,0
DA:97,0
DA:103,0
DA:105,0
DA:106,0
DA:113,0
DA:115,0
DA:116,0
DA:124,0
DA:129,0
DA:133,0
LF:28
LH:0
BRDA:21,0,0,0
BRDA:21,1,0,0
BRDA:21,1,1,0
BRDA:30,2,0,0
BRDA:96,3,0,0
BRDA:96,4,0,0
BRDA:96,4,1,0
BRDA:105,5,0,0
BRDA:115,6,0,0
BRF:9
BRH:0
end_of_record
TN:
SF:src/app/api/projects/[id]/sales/route.ts
FN:13,GET
FNF:1
FNH:0
FNDA:0,GET
DA:5,0
DA:6,0
DA:7,0
DA:13,0
DA:17,0
DA:18,0
DA:21,0
DA:22,0
DA:28,0
DA:30,0
DA:31,0
DA:38,0
DA:140,0
DA:143,0
LF:14
LH:0
BRDA:21,0,0,0
BRDA:21,1,0,0
BRDA:21,1,1,0
BRDA:30,2,0,0
BRF:4
BRH:0
end_of_record
TN:
SF:src/app/api/projects/[id]/timeline/route.ts
FN:13,GET
FN:179,PATCH
FN:220,(anonymous_5)
FNF:3
FNH:0
FNDA:0,GET
FNDA:0,PATCH
FNDA:0,(anonymous_5)
DA:5,0
DA:6,0
DA:7,0
DA:13,0
DA:17,0
DA:18,0
DA:21,0
DA:22,0
DA:28,0
DA:30,0
DA:31,0
DA:38,0
DA:165,0
DA:168,0
DA:179,0
DA:183,0
DA:184,0
DA:187,0
DA:188,0
DA:194,0
DA:196,0
DA:197,0
DA:204,0
DA:206,0
DA:207,0
DA:215,0
DA:220,0
DA:224,0
LF:28
LH:0
BRDA:21,0,0,0
BRDA:21,1,0,0
BRDA:21,1,1,0
BRDA:30,2,0,0
BRDA:187,3,0,0
BRDA:187,4,0,0
BRDA:187,4,1,0
BRDA:196,5,0,0
BRDA:206,6,0,0
BRF:9
BRH:0
end_of_record
TN:
SF:src/app/api/property-alerts/route.ts
FN:50,scheduleAlertCheck
FN:55,sendAlertConfirmation
FN:61,GET
FN:151,(anonymous_8)
FN:155,(anonymous_9)
FN:159,(anonymous_10)
FN:179,POST
FN:230,PUT
FN:273,DELETE
FNF:9
FNH:0
FNDA:0,scheduleAlertCheck
FNDA:0,sendAlertConfirmation
FNDA:0,GET
FNDA:0,(anonymous_8)
FNDA:0,(anonymous_9)
FNDA:0,(anonymous_10)
FNDA:0,POST
FNDA:0,PUT
FNDA:0,DELETE
DA:1,0
DA:3,0
DA:4,0
DA:5,0
DA:8,0
DA:27,0
DA:38,0
DA:61,0
DA:62,0
DA:63,0
DA:64,0
DA:65,0
DA:68,0
DA:69,0
DA:70,0
DA:73,0
DA:148,0
DA:150,0
DA:151,0
DA:154,0
DA:155,0
DA:159,0
DA:167,0
DA:170,0
DA:171,0
DA:179,0
DA:180,0
DA:181,0
DA:182,0
DA:183,0
DA:186,0
DA:187,0
DA:190,0
DA:207,0
DA:210,0
DA:212,0
DA:214,0
DA:215,0
DA:221,0
DA:222,0
DA:230,0
DA:231,0
DA:232,0
DA:233,0
DA:234,0
DA:237,0
DA:238,0
DA:240,0
DA:241,0
DA:245,0
DA:248,0
DA:255,0
DA:257,0
DA:258,0
DA:264,0
DA:265,0
DA:273,0
DA:274,0
DA:275,0
DA:276,0
DA:277,0
DA:280,0
DA:281,0
DA:283,0
DA:284,0
DA:288,0
DA:294,0
DA:295,0
LF:68
LH:0
BRDA:64,0,0,0
BRDA:150,1,0,0
BRDA:154,2,0,0
BRDA:164,3,0,0
BRDA:164,3,1,0
BRDA:170,4,0,0
BRDA:170,4,1,0
BRDA:182,5,0,0
BRDA:199,6,0,0
BRDA:199,6,1,0
BRDA:203,7,0,0
BRDA:203,7,1,0
BRDA:214,8,0,0
BRDA:221,9,0,0
BRDA:221,9,1,0
BRDA:233,10,0,0
BRDA:240,11,0,0
BRDA:257,12,0,0
BRDA:264,13,0,0
BRDA:264,13,1,0
BRDA:276,14,0,0
BRDA:283,15,0,0
BRDA:294,16,0,0
BRDA:294,16,1,0
BRF:24
BRH:0
end_of_record
TN:
SF:src/app/api/sales/route.ts
FN:19,GET
FN:78,POST
FN:126,PUT
FN:270,DELETE
FNF:4
FNH:0
FNDA:0,GET
FNDA:0,POST
FNDA:0,PUT
FNDA:0,DELETE
DA:1,0
DA:2,0
DA:3,0
DA:4,0
DA:5,0
DA:6,0
DA:9,0
DA:19,0
DA:20,0
DA:22,0
DA:23,0
DA:24,0
DA:31,0
DA:32,0
DA:35,0
DA:36,0
DA:37,0
DA:42,0
DA:44,0
DA:46,0
DA:48,0
DA:49,0
DA:55,0
DA:58,0
DA:64,0
DA:68,0
DA:78,0
DA:79,0
DA:81,0
DA:82,0
DA:83,0
DA:90,0
DA:104,0
DA:105,0
DA:112,0
DA:113,0
DA:116,0
DA:126,0
DA:127,0
DA:129,0
DA:130,0
DA:131,0
DA:138,0
DA:141,0
DA:143,0
DA:144,0
DA:151,0
DA:153,0
DA:160,0
DA:162,0
DA:163,0
DA:169,0
DA:170,0
DA:173,0
DA:175,0
DA:187,0
DA:189,0
DA:190,0
DA:196,0
DA:197,0
DA:200,0
DA:202,0
DA:208,0
DA:210,0
DA:211,0
DA:217,0
DA:220,0
DA:223,0
DA:225,0
DA:236,0
DA:238,0
DA:239,0
DA:245,0
DA:246,0
DA:250,0
DA:254,0
DA:260,0
DA:270,0
DA:271,0
DA:273,0
DA:274,0
DA:275,0
DA:282,0
DA:283,0
DA:284,0
DA:285,0
DA:287,0
DA:288,0
DA:294,0
DA:295,0
DA:302,0
DA:304,0
DA:309,0
LF:93
LH:0
BRDA:23,0,0,0
BRDA:36,1,0,0
BRDA:44,2,0,0
BRDA:44,2,1,0
BRDA:48,3,0,0
BRDA:82,4,0,0
BRDA:104,5,0,0
BRDA:104,6,0,0
BRDA:104,6,1,0
BRDA:104,6,2,0
BRDA:104,6,3,0
BRDA:130,7,0,0
BRDA:143,8,0,0
BRDA:151,9,0,0
BRDA:151,9,1,0
BRDA:162,10,0,0
BRDA:173,11,0,0
BRDA:173,11,1,0
BRDA:189,12,0,0
BRDA:200,13,0,0
BRDA:200,13,1,0
BRDA:200,14,0,0
BRDA:200,14,1,0
BRDA:210,15,0,0
BRDA:223,16,0,0
BRDA:223,17,0,0
BRDA:223,17,1,0
BRDA:238,18,0,0
BRDA:274,19,0,0
BRDA:284,20,0,0
BRDA:284,20,1,0
BRDA:287,21,0,0
BRDA:294,22,0,0
BRF:33
BRH:0
end_of_record
TN:
SF:src/app/api/slp/[projectId]/route.ts
FN:11,(anonymous_3)
FN:39,(anonymous_4)
FNF:2
FNH:0
FNDA:0,(anonymous_3)
FNDA:0,(anonymous_4)
DA:5,0
DA:6,0
DA:8,0
DA:11,0
DA:15,0
DA:16,0
DA:17,0
DA:20,0
DA:23,0
DA:25,0
DA:31,0
DA:39,0
DA:43,0
DA:44,0
DA:45,0
DA:46,0
DA:48,0
DA:50,0
DA:52,0
DA:58,0
DA:67,0
DA:70,0
DA:74,0
DA:77,0
DA:78,0
DA:81,0
DA:88,0
LF:27
LH:0
BRDA:50,0,0,0
BRDA:50,0,1,0
BRDA:50,0,2,0
BRDA:50,0,3,0
BRDA:50,0,4,0
BRF:5
BRH:0
end_of_record
TN:
SF:src/app/api/test/route.ts
FN:3,GET
FNF:1
FNH:0
FNDA:0,GET
DA:1,0
DA:3,0
DA:4,0
LF:3
LH:0
BRF:0
BRH:0
end_of_record
TN:
SF:src/app/api/transactions/route.ts
FN:31,GET
FN:86,POST
FN:143,PATCH
FN:207,DELETE
FNF:4
FNH:0
FNDA:0,GET
FNDA:0,POST
FNDA:0,PATCH
FNDA:0,DELETE
DA:1,0
DA:2,0
DA:3,0
DA:4,0
DA:5,0
DA:8,0
DA:20,0
DA:31,0
DA:32,0
DA:33,0
DA:34,0
DA:35,0
DA:41,0
DA:42,0
DA:45,0
DA:46,0
DA:49,0
DA:50,0
DA:51,0
DA:57,0
DA:60,0
DA:61,0
DA:62,0
DA:64,0
DA:78,0
DA:86,0
DA:87,0
DA:88,0
DA:89,0
DA:90,0
DA:97,0
DA:98,0
DA:104,0
DA:107,0
DA:110,0
DA:111,0
DA:115,0
DA:116,0
DA:120,0
DA:122,0
DA:128,0
DA:129,0
DA:135,0
DA:143,0
DA:144,0
DA:145,0
DA:146,0
DA:147,0
DA:153,0
DA:154,0
DA:156,0
DA:157,0
DA:164,0
DA:165,0
DA:166,0
DA:174,0
DA:179,0
DA:180,0
DA:187,0
DA:193,0
DA:199,0
DA:207,0
DA:208,0
DA:209,0
DA:210,0
DA:211,0
DA:217,0
DA:218,0
DA:220,0
DA:221,0
DA:228,0
DA:229,0
DA:230,0
DA:237,0
DA:238,0
DA:246,0
DA:250,0
DA:251,0
DA:258,0
DA:264,0
DA:271,0
LF:81
LH:0
BRDA:34,0,0,0
BRDA:49,1,0,0
BRDA:49,1,1,0
BRDA:51,2,0,0
BRDA:89,3,0,0
BRDA:97,4,0,0
BRDA:97,5,0,0
BRDA:97,5,1,0
BRDA:110,6,0,0
BRDA:115,7,0,0
BRDA:115,8,0,0
BRDA:115,8,1,0
BRDA:128,9,0,0
BRDA:146,10,0,0
BRDA:156,11,0,0
BRDA:165,12,0,0
BRDA:174,13,0,0
BRDA:174,13,1,0
BRDA:174,13,2,0
BRDA:174,13,3,0
BRDA:174,13,4,0
BRDA:174,13,5,0
BRDA:174,13,6,0
BRDA:179,14,0,0
BRDA:190,15,0,0
BRDA:190,15,1,0
BRDA:210,16,0,0
BRDA:220,17,0,0
BRDA:229,18,0,0
BRDA:237,19,0,0
BRDA:246,20,0,0
BRDA:246,20,1,0
BRDA:246,20,2,0
BRDA:246,20,3,0
BRDA:246,20,4,0
BRDA:250,21,0,0
BRDA:261,22,0,0
BRDA:261,22,1,0
BRF:38
BRH:0
end_of_record
TN:
SF:src/app/api/transactions/[id]/documents/route.ts
FN:33,GET
FN:96,(anonymous_6)
FN:122,POST
FN:171,(anonymous_8)
FN:266,PATCH
FN:378,(anonymous_10)
FN:452,DELETE
FN:511,(anonymous_12)
FNF:8
FNH:0
FNDA:0,GET
FNDA:0,(anonymous_6)
FNDA:0,POST
FNDA:0,(anonymous_8)
FNDA:0,PATCH
FNDA:0,(anonymous_10)
FNDA:0,DELETE
FNDA:0,(anonymous_12)
DA:1,0
DA:2,0
DA:3,0
DA:4,0
DA:5,0
DA:6,0
DA:14,0
DA:17,0
DA:33,0
DA:37,0
DA:38,0
DA:39,0
DA:40,0
DA:46,0
DA:47,0
DA:49,0
DA:50,0
DA:58,0
DA:64,0
DA:65,0
DA:72,0
DA:95,0
DA:96,0
DA:105,0
DA:111,0
DA:122,0
DA:126,0
DA:127,0
DA:128,0
DA:129,0
DA:135,0
DA:136,0
DA:139,0
DA:142,0
DA:143,0
DA:144,0
DA:151,0
DA:157,0
DA:158,0
DA:165,0
DA:166,0
DA:167,0
DA:171,0
DA:173,0
DA:193,0
DA:205,0
DA:221,0
DA:223,0
DA:224,0
DA:239,0
DA:242,0
DA:248,0
DA:249,0
DA:255,0
DA:266,0
DA:270,0
DA:271,0
DA:272,0
DA:273,0
DA:279,0
DA:280,0
DA:281,0
DA:283,0
DA:284,0
DA:291,0
DA:292,0
DA:293,0
DA:300,0
DA:305,0
DA:306,0
DA:313,0
DA:315,0
DA:318,0
DA:321,0
DA:326,0
DA:327,0
DA:328,0
DA:332,0
DA:337,0
DA:338,0
DA:339,0
DA:343,0
DA:351,0
DA:352,0
DA:358,0
DA:359,0
DA:360,0
DA:361,0
DA:364,0
DA:370,0
DA:371,0
DA:378,0
DA:380,0
DA:390,0
DA:402,0
DA:403,0
DA:417,0
DA:432,0
DA:435,0
DA:441,0
DA:452,0
DA:456,0
DA:457,0
DA:458,0
DA:459,0
DA:465,0
DA:466,0
DA:467,0
DA:469,0
DA:470,0
DA:477,0
DA:478,0
DA:479,0
DA:487,0
DA:491,0
DA:492,0
DA:499,0
DA:503,0
DA:504,0
DA:511,0
DA:513,0
DA:522,0
DA:534,0
DA:547,0
DA:550,0
DA:557,0
LF:126
LH:0
BRDA:39,0,0,0
BRDA:49,1,0,0
BRDA:58,2,0,0
BRDA:58,2,1,0
BRDA:58,2,2,0
BRDA:58,2,3,0
BRDA:58,2,4,0
BRDA:58,2,5,0
BRDA:58,2,6,0
BRDA:58,2,7,0
BRDA:58,2,8,0
BRDA:64,3,0,0
BRDA:99,4,0,0
BRDA:99,4,1,0
BRDA:100,5,0,0
BRDA:100,5,1,0
BRDA:100,5,2,0
BRDA:101,6,0,0
BRDA:101,6,1,0
BRDA:128,7,0,0
BRDA:143,8,0,0
BRDA:151,9,0,0
BRDA:151,9,1,0
BRDA:151,9,2,0
BRDA:151,9,3,0
BRDA:151,9,4,0
BRDA:151,9,5,0
BRDA:151,9,6,0
BRDA:151,9,7,0
BRDA:151,9,8,0
BRDA:157,10,0,0
BRDA:166,11,0,0
BRDA:166,12,0,0
BRDA:166,12,1,0
BRDA:185,13,0,0
BRDA:185,13,1,0
BRDA:186,14,0,0
BRDA:186,14,1,0
BRDA:189,15,0,0
BRDA:189,15,1,0
BRDA:197,16,0,0
BRDA:197,16,1,0
BRDA:199,17,0,0
BRDA:199,17,1,0
BRDA:199,17,2,0
BRDA:200,18,0,0
BRDA:200,18,1,0
BRDA:216,19,0,0
BRDA:216,19,1,0
BRDA:221,20,0,0
BRDA:223,21,0,0
BRDA:223,22,0,0
BRDA:223,22,1,0
BRDA:248,23,0,0
BRDA:272,24,0,0
BRDA:283,25,0,0
BRDA:283,26,0,0
BRDA:283,26,1,0
BRDA:292,27,0,0
BRDA:305,28,0,0
BRDA:305,29,0,0
BRDA:305,29,1,0
BRDA:318,30,0,0
BRDA:318,30,1,0
BRDA:318,30,2,0
BRDA:318,30,3,0
BRDA:322,31,0,0
BRDA:322,31,1,0
BRDA:322,31,2,0
BRDA:322,31,3,0
BRDA:322,31,4,0
BRDA:333,32,0,0
BRDA:333,32,1,0
BRDA:333,32,2,0
BRDA:333,32,3,0
BRDA:333,32,4,0
BRDA:344,33,0,0
BRDA:344,33,1,0
BRDA:344,33,2,0
BRDA:344,33,3,0
BRDA:344,33,4,0
BRDA:344,33,5,0
BRDA:344,33,6,0
BRDA:344,33,7,0
BRDA:351,34,0,0
BRDA:359,35,0,0
BRDA:359,35,1,0
BRDA:370,36,0,0
BRDA:384,37,0,0
BRDA:384,37,1,0
BRDA:394,38,0,0
BRDA:394,38,1,0
BRDA:395,39,0,0
BRDA:395,39,1,0
BRDA:395,40,0,0
BRDA:395,40,1,0
BRDA:396,41,0,0
BRDA:396,41,1,0
BRDA:396,41,2,0
BRDA:397,42,0,0
BRDA:397,42,1,0
BRDA:402,43,0,0
BRDA:411,44,0,0
BRDA:411,44,1,0
BRDA:411,44,2,0
BRDA:412,45,0,0
BRDA:412,45,1,0
BRDA:427,46,0,0
BRDA:427,46,1,0
BRDA:458,47,0,0
BRDA:469,48,0,0
BRDA:478,49,0,0
BRDA:487,50,0,0
BRDA:487,50,1,0
BRDA:487,50,2,0
BRDA:487,50,3,0
BRDA:487,50,4,0
BRDA:491,51,0,0
BRDA:503,52,0,0
BRDA:503,53,0,0
BRDA:503,53,1,0
BRDA:526,54,0,0
BRDA:526,54,1,0
BRDA:528,55,0,0
BRDA:528,55,1,0
BRDA:528,55,2,0
BRDA:529,56,0,0
BRDA:529,56,1,0
BRDA:543,57,0,0
BRDA:543,57,1,0
BRF:130
BRH:0
end_of_record
TN:
SF:src/app/api/transactions/[id]/payments/route.ts
FN:25,GET
FN:71,POST
FNF:2
FNH:0
FNDA:0,GET
FNDA:0,POST
DA:5,0
DA:6,0
DA:7,0
DA:8,0
DA:9,0
DA:10,0
DA:13,0
DA:25,0
DA:29,0
DA:30,0
DA:31,0
DA:32,0
DA:33,0
DA:40,0
DA:41,0
DA:42,0
DA:49,0
DA:50,0
DA:51,0
DA:57,0
DA:60,0
DA:71,0
DA:75,0
DA:76,0
DA:77,0
DA:78,0
DA:79,0
DA:86,0
DA:87,0
DA:88,0
DA:94,0
DA:95,0
DA:97,0
DA:98,0
DA:104,0
DA:107,0
DA:110,0
DA:118,0
DA:121,0
LF:39
LH:0
BRDA:32,0,0,0
BRDA:41,1,0,0
BRDA:50,2,0,0
BRDA:78,3,0,0
BRDA:87,4,0,0
BRDA:97,5,0,0
BRDA:107,6,0,0
BRDA:107,6,1,0
BRDA:115,7,0,0
BRDA:115,7,1,0
BRF:10
BRH:0
end_of_record
TN:
SF:src/app/api/transactions/[id]/payments/[paymentId]/route.ts
FN:26,GET
FN:79,PUT
FN:197,DELETE
FNF:3
FNH:0
FNDA:0,GET
FNDA:0,PUT
FNDA:0,DELETE
DA:5,0
DA:6,0
DA:7,0
DA:8,0
DA:9,0
DA:10,0
DA:13,0
DA:20,0
DA:26,0
DA:30,0
DA:31,0
DA:32,0
DA:33,0
DA:39,0
DA:42,0
DA:43,0
DA:44,0
DA:51,0
DA:58,0
DA:59,0
DA:65,0
DA:68,0
DA:79,0
DA:83,0
DA:84,0
DA:85,0
DA:86,0
DA:92,0
DA:95,0
DA:96,0
DA:97,0
DA:103,0
DA:104,0
DA:106,0
DA:107,0
DA:113,0
DA:116,0
DA:123,0
DA:124,0
DA:131,0
DA:132,0
DA:133,0
DA:134,0
DA:135,0
DA:136,0
DA:139,0
DA:140,0
DA:144,0
DA:152,0
DA:153,0
DA:157,0
DA:158,0
DA:159,0
DA:161,0
DA:167,0
DA:183,0
DA:186,0
DA:197,0
DA:201,0
DA:202,0
DA:203,0
DA:204,0
DA:210,0
DA:213,0
DA:214,0
DA:215,0
DA:222,0
DA:229,0
DA:230,0
DA:237,0
DA:238,0
DA:245,0
DA:255,0
DA:269,0
DA:274,0
LF:75
LH:0
BRDA:32,0,0,0
BRDA:43,1,0,0
BRDA:58,2,0,0
BRDA:85,3,0,0
BRDA:96,4,0,0
BRDA:106,5,0,0
BRDA:123,6,0,0
BRDA:132,7,0,0
BRDA:133,8,0,0
BRDA:134,9,0,0
BRDA:135,10,0,0
BRDA:136,11,0,0
BRDA:139,12,0,0
BRDA:139,13,0,0
BRDA:139,13,1,0
BRDA:152,14,0,0
BRDA:152,15,0,0
BRDA:152,15,1,0
BRDA:157,16,0,0
BRDA:158,17,0,0
BRDA:158,17,1,0
BRDA:159,18,0,0
BRDA:159,18,1,0
BRDA:203,19,0,0
BRDA:214,20,0,0
BRDA:229,21,0,0
BRDA:237,22,0,0
BRDA:237,23,0,0
BRDA:237,23,1,0
BRF:29
BRH:0
end_of_record
TN:
SF:src/app/api/transactions/[id]/payments/receipt/route.ts
FN:23,POST
FN:156,GET
FNF:2
FNH:0
FNDA:0,POST
FNDA:0,GET
DA:5,0
DA:6,0
DA:7,0
DA:8,0
DA:9,0
DA:10,0
DA:12,0
DA:15,0
DA:23,0
DA:27,0
DA:28,0
DA:29,0
DA:30,0
DA:31,0
DA:38,0
DA:39,0
DA:40,0
DA:46,0
DA:47,0
DA:49,0
DA:50,0
DA:56,0
DA:59,0
DA:66,0
DA:67,0
DA:74,0
DA:89,0
DA:90,0
DA:97,0
DA:100,0
DA:108,0
DA:129,0
DA:142,0
DA:145,0
DA:156,0
DA:160,0
DA:161,0
DA:162,0
DA:163,0
DA:164,0
DA:171,0
DA:172,0
DA:174,0
DA:175,0
DA:182,0
DA:183,0
DA:184,0
DA:191,0
DA:198,0
DA:199,0
DA:206,0
DA:221,0
DA:222,0
DA:229,0
DA:232,0
DA:233,0
DA:242,0
DA:262,0
DA:265,0
LF:59
LH:0
BRDA:30,0,0,0
BRDA:39,1,0,0
BRDA:49,2,0,0
BRDA:66,3,0,0
BRDA:89,4,0,0
BRDA:111,5,0,0
BRDA:111,5,1,0
BRDA:126,6,0,0
BRDA:126,6,1,0
BRDA:163,7,0,0
BRDA:174,8,0,0
BRDA:183,9,0,0
BRDA:198,10,0,0
BRDA:221,11,0,0
BRDA:229,12,0,0
BRDA:229,12,1,0
BRDA:232,13,0,0
BRDA:244,14,0,0
BRDA:244,14,1,0
BRDA:245,15,0,0
BRDA:245,15,1,0
BRDA:259,16,0,0
BRDA:259,16,1,0
BRDA:260,17,0,0
BRDA:260,17,1,0
BRF:25
BRH:0
end_of_record
TN:
SF:src/app/api/transactions/reservation/route.ts
FN:23,(anonymous_4)
FN:24,(anonymous_5)
FN:28,POST
FN:239,GET
FNF:4
FNH:0
FNDA:0,(anonymous_4)
FNDA:0,(anonymous_5)
FNDA:0,POST
FNDA:0,GET
DA:1,0
DA:2,0
DA:3,0
DA:4,0
DA:5,0
DA:6,0
DA:7,0
DA:10,0
DA:23,0
DA:24,0
DA:28,0
DA:29,0
DA:30,0
DA:31,0
DA:32,0
DA:35,0
DA:38,0
DA:41,0
DA:45,0
DA:46,0
DA:50,0
DA:57,0
DA:58,0
DA:62,0
DA:65,0
DA:93,0
DA:108,0
DA:118,0
DA:148,0
DA:153,0
DA:164,0
DA:178,0
DA:198,0
DA:213,0
DA:224,0
DA:225,0
DA:231,0
DA:239,0
DA:240,0
DA:241,0
DA:242,0
DA:243,0
DA:246,0
DA:247,0
DA:249,0
DA:250,0
DA:253,0
DA:278,0
DA:279,0
DA:283,0
DA:284,0
DA:287,0
DA:291,0
LF:53
LH:0
BRDA:31,0,0,0
BRDA:45,1,0,0
BRDA:57,2,0,0
BRDA:57,3,0,0
BRDA:57,3,1,0
BRDA:199,4,0,0
BRDA:199,4,1,0
BRDA:224,5,0,0
BRDA:242,6,0,0
BRDA:249,7,0,0
BRDA:278,8,0,0
BRDA:283,9,0,0
BRF:12
BRH:0
end_of_record
TN:
SF:src/app/api/users/route.ts
FN:13,GET
FN:67,POST
FN:135,PUT
FN:196,DELETE
FNF:4
FNH:0
FNDA:0,GET
FNDA:0,POST
FNDA:0,PUT
FNDA:0,DELETE
DA:1,0
DA:2,0
DA:3,0
DA:13,0
DA:14,0
DA:15,0
DA:16,0
DA:19,0
DA:20,0
DA:23,0
DA:24,0
DA:25,0
DA:26,0
DA:28,0
DA:32,0
DA:33,0
DA:34,0
DA:35,0
DA:37,0
DA:41,0
DA:42,0
DA:48,0
DA:49,0
DA:50,0
DA:52,0
DA:53,0
DA:56,0
DA:67,0
DA:68,0
DA:69,0
DA:70,0
DA:73,0
DA:74,0
DA:75,0
DA:82,0
DA:83,0
DA:84,0
DA:92,0
DA:95,0
DA:96,0
DA:104,0
DA:105,0
DA:111,0
DA:113,0
DA:114,0
DA:119,0
DA:123,0
DA:135,0
DA:136,0
DA:137,0
DA:138,0
DA:139,0
DA:141,0
DA:142,0
DA:149,0
DA:150,0
DA:151,0
DA:159,0
DA:160,0
DA:166,0
DA:169,0
DA:172,0
DA:174,0
DA:175,0
DA:181,0
DA:184,0
DA:196,0
DA:197,0
DA:198,0
DA:199,0
DA:200,0
DA:202,0
DA:203,0
DA:210,0
DA:211,0
DA:212,0
DA:220,0
DA:221,0
DA:228,0
DA:230,0
DA:231,0
DA:237,0
DA:240,0
LF:83
LH:0
BRDA:23,0,0,0
BRDA:25,1,0,0
BRDA:32,2,0,0
BRDA:34,3,0,0
BRDA:49,4,0,0
BRDA:50,5,0,0
BRDA:74,6,0,0
BRDA:74,7,0,0
BRDA:74,7,1,0
BRDA:74,7,2,0
BRDA:74,7,3,0
BRDA:83,8,0,0
BRDA:92,9,0,0
BRDA:95,10,0,0
BRDA:113,11,0,0
BRDA:141,12,0,0
BRDA:150,13,0,0
BRDA:159,14,0,0
BRDA:174,15,0,0
BRDA:202,16,0,0
BRDA:211,17,0,0
BRDA:220,18,0,0
BRDA:230,19,0,0
BRF:23
BRH:0
end_of_record
TN:
SF:src/app/api/users/me/route.ts
FN:4,GET
FNF:1
FNH:0
FNDA:0,GET
DA:2,0
DA:4,0
DA:5,0
LF:3
LH:0
BRF:0
BRH:0
end_of_record
TN:
SF:src/app/api/v1/kyc/aml-screening/route.ts
FN:5,POST
FNF:1
FNH:0
FNDA:0,POST
DA:1,0
DA:2,0
DA:3,0
DA:5,0
DA:6,0
DA:7,0
DA:9,0
DA:10,0
DA:16,0
DA:17,0
DA:19,0
DA:20,0
DA:29,0
DA:47,0
LF:14
LH:0
BRDA:9,0,0,0
BRDA:19,1,0,0
BRF:2
BRH:0
end_of_record
TN:
SF:src/app/api/v1/kyc/complete/route.ts
FN:5,POST
FNF:1
FNH:0
FNDA:0,POST
DA:1,0
DA:2,0
DA:3,0
DA:5,0
DA:6,0
DA:7,0
DA:9,0
DA:10,0
DA:16,0
DA:17,0
DA:19,0
DA:20,0
DA:30,0
DA:38,0
DA:39,0
DA:42,0
DA:51,0
LF:17
LH:0
BRDA:9,0,0,0
BRDA:19,1,0,0
BRDA:30,2,0,0
BRDA:30,2,1,0
BRDA:34,3,0,0
BRDA:34,3,1,0
BRDA:38,4,0,0
BRF:7
BRH:0
end_of_record
TN:
SF:src/app/api/v1/kyc/start/route.ts
FN:6,POST
FNF:1
FNH:0
FNDA:0,POST
DA:1,0
DA:2,0
DA:3,0
DA:4,0
DA:6,0
DA:7,0
DA:8,0
DA:10,0
DA:11,0
DA:17,0
DA:18,0
DA:20,0
DA:21,0
DA:29,0
DA:31,0
DA:41,0
LF:16
LH:0
BRDA:10,0,0,0
BRDA:20,1,0,0
BRF:2
BRH:0
end_of_record
TN:
SF:src/app/api/v1/kyc/upload/route.ts
FN:5,POST
FNF:1
FNH:0
FNDA:0,POST
DA:1,0
DA:2,0
DA:3,0
DA:5,0
DA:6,0
DA:7,0
DA:9,0
DA:10,0
DA:19,0
DA:27,0
LF:10
LH:0
BRDA:9,0,0,0
BRF:1
BRH:0
end_of_record
TN:
SF:src/app/api/v1/payments/route.ts
FN:39,POST
FN:81,PATCH
FN:120,GET
FNF:3
FNH:0
FNDA:0,POST
FNDA:0,PATCH
FNDA:0,GET
DA:6,0
DA:7,0
DA:8,0
DA:9,0
DA:10,0
DA:11,0
DA:14,0
DA:23,0
DA:28,0
DA:39,0
DA:40,0
DA:41,0
DA:42,0
DA:43,0
DA:46,0
DA:47,0
DA:49,0
DA:57,0
DA:63,0
DA:64,0
DA:70,0
DA:81,0
DA:82,0
DA:83,0
DA:84,0
DA:85,0
DA:88,0
DA:89,0
DA:91,0
DA:96,0
DA:102,0
DA:103,0
DA:109,0
DA:120,0
DA:121,0
DA:122,0
DA:123,0
DA:124,0
DA:127,0
DA:128,0
DA:130,0
DA:131,0
DA:138,0
DA:141,0
DA:143,0
DA:150,0
LF:46
LH:0
BRDA:42,0,0,0
BRDA:63,1,0,0
BRDA:84,2,0,0
BRDA:102,3,0,0
BRDA:110,4,0,0
BRDA:110,4,1,0
BRDA:123,5,0,0
BRDA:130,6,0,0
BRF:8
BRH:0
end_of_record
TN:
SF:src/app/api/v1/payments/webhook/route.ts
FN:14,POST
FNF:1
FNH:0
FNDA:0,POST
DA:6,0
DA:7,0
DA:8,0
DA:10,0
DA:14,0
DA:17,0
DA:19,0
DA:20,0
DA:21,0
DA:28,0
DA:31,0
DA:39,0
DA:45,0
DA:47,0
DA:49,0
DA:53,0
LF:16
LH:0
BRDA:10,0,0,0
BRDA:10,0,1,0
BRDA:20,1,0,0
BRDA:34,2,0,0
BRDA:34,2,1,0
BRF:5
BRH:0
end_of_record
TN:
SF:src/app/api/v1/transactions/route.ts
FN:33,POST
FN:72,(anonymous_4)
FN:152,GET
FN:227,(anonymous_6)
FNF:4
FNH:0
FNDA:0,POST
FNDA:0,(anonymous_4)
FNDA:0,GET
FNDA:0,(anonymous_6)
DA:5,0
DA:6,0
DA:7,0
DA:8,0
DA:9,0
DA:10,0
DA:11,0
DA:13,0
DA:14,0
DA:15,0
DA:18,0
DA:24,0
DA:33,0
DA:34,0
DA:35,0
DA:36,0
DA:37,0
DA:40,0
DA:41,0
DA:43,0
DA:44,0
DA:50,0
DA:53,0
DA:60,0
DA:61,0
DA:64,0
DA:65,0
DA:72,0
DA:74,0
DA:91,0
DA:99,0
DA:105,0
DA:114,0
DA:118,0
DA:126,0
DA:132,0
DA:144,0
DA:145,0
DA:152,0
DA:153,0
DA:154,0
DA:155,0
DA:156,0
DA:159,0
DA:160,0
DA:169,0
DA:170,0
DA:171,0
DA:177,0
DA:180,0
DA:182,0
DA:183,0
DA:184,0
DA:185,0
DA:188,0
DA:189,0
DA:190,0
DA:191,0
DA:194,0
DA:227,0
DA:251,0
DA:262,0
DA:263,0
LF:63
LH:0
BRDA:36,0,0,0
BRDA:43,1,0,0
BRDA:60,2,0,0
BRDA:64,3,0,0
BRDA:78,4,0,0
BRDA:78,4,1,0
BRDA:79,5,0,0
BRDA:79,5,1,0
BRDA:86,6,0,0
BRDA:86,6,1,0
BRDA:155,7,0,0
BRDA:165,8,0,0
BRDA:165,8,1,0
BRDA:166,9,0,0
BRDA:166,9,1,0
BRDA:170,10,0,0
BRDA:182,11,0,0
BRDA:182,11,1,0
BRDA:184,12,0,0
BRDA:188,13,0,0
BRDA:189,14,0,0
BRDA:190,15,0,0
BRDA:190,16,0,0
BRDA:190,16,1,0
BRDA:191,17,0,0
BRDA:191,18,0,0
BRDA:191,18,1,0
BRF:27
BRH:0
end_of_record
TN:
SF:src/app/api/v1/transactions/[id]/route.ts
FN:27,GET
FN:137,PUT
FN:174,(anonymous_5)
FN:222,calculateCompletionPercentage
FN:235,getNextActions
FNF:5
FNH:0
FNDA:0,GET
FNDA:0,PUT
FNDA:0,(anonymous_5)
FNDA:0,calculateCompletionPercentage
FNDA:0,getNextActions
DA:9,0
DA:10,0
DA:11,0
DA:12,0
DA:13,0
DA:14,0
DA:15,0
DA:17,0
DA:18,0
DA:19,0
DA:22,0
DA:27,0
DA:31,0
DA:32,0
DA:33,0
DA:34,0
DA:35,0
DA:38,0
DA:89,0
DA:90,0
DA:94,0
DA:95,0
DA:98,0
DA:101,0
DA:105,0
DA:108,0
DA:113,0
DA:122,0
DA:125,0
DA:126,0
DA:137,0
DA:141,0
DA:142,0
DA:143,0
DA:144,0
DA:145,0
DA:148,0
DA:149,0
DA:151,0
DA:152,0
DA:158,0
DA:161,0
DA:165,0
DA:166,0
DA:169,0
DA:170,0
DA:174,0
DA:175,0
DA:186,0
DA:187,0
DA:197,0
DA:200,0
DA:205,0
DA:211,0
DA:212,0
DA:223,0
DA:224,0
DA:225,0
DA:227,0
DA:229,0
DA:236,0
DA:238,0
DA:240,0
DA:241,0
DA:243,0
DA:244,0
DA:246,0
DA:247,0
DA:249,0
DA:250,0
DA:252,0
DA:253,0
DA:255,0
DA:256,0
DA:258,0
DA:259,0
DA:261,0
DA:262,0
DA:264,0
DA:265,0
DA:267,0
DA:268,0
DA:271,0
LF:83
LH:0
BRDA:34,0,0,0
BRDA:89,1,0,0
BRDA:94,2,0,0
BRDA:94,3,0,0
BRDA:94,3,1,0
BRDA:98,4,0,0
BRDA:98,5,0,0
BRDA:98,5,1,0
BRDA:98,5,2,0
BRDA:144,6,0,0
BRDA:151,7,0,0
BRDA:165,8,0,0
BRDA:169,9,0,0
BRDA:169,10,0,0
BRDA:169,10,1,0
BRDA:178,11,0,0
BRDA:178,11,1,0
BRDA:179,12,0,0
BRDA:179,12,1,0
BRDA:186,13,0,0
BRDA:227,14,0,0
BRDA:227,15,0,0
BRDA:227,15,1,0
BRDA:238,16,0,0
BRDA:238,16,1,0
BRDA:238,16,2,0
BRDA:238,16,3,0
BRDA:238,16,4,0
BRDA:238,16,5,0
BRDA:238,16,6,0
BRDA:238,16,7,0
BRDA:238,16,8,0
BRDA:238,16,9,0
BRF:33
BRH:0
end_of_record
TN:
SF:src/app/api/v1/transactions/[id]/transition/route.ts
FN:29,POST
FN:129,checkTransitionPermissions
FNF:2
FNH:0
FNDA:0,POST
FNDA:0,checkTransitionPermissions
DA:9,0
DA:10,0
DA:11,0
DA:12,0
DA:13,0
DA:14,0
DA:15,0
DA:17,0
DA:18,0
DA:19,0
DA:22,0
DA:29,0
DA:33,0
DA:34,0
DA:35,0
DA:36,0
DA:37,0
DA:40,0
DA:41,0
DA:43,0
DA:44,0
DA:50,0
DA:53,0
DA:60,0
DA:61,0
DA:65,0
DA:71,0
DA:72,0
DA:79,0
DA:89,0
DA:100,0
DA:107,0
DA:118,0
DA:119,0
DA:134,0
DA:135,0
DA:138,0
DA:139,0
DA:143,0
DA:171,0
DA:172,0
DA:173,0
DA:176,0
DA:177,0
DA:178,0
DA:181,0
LF:46
LH:0
BRDA:36,0,0,0
BRDA:43,1,0,0
BRDA:60,2,0,0
BRDA:71,3,0,0
BRDA:138,4,0,0
BRDA:172,5,0,0
BRDA:177,6,0,0
BRF:7
BRH:0
end_of_record
TN:
SF:src/app/api/viewing-slots/route.ts
FN:35,GET
FN:95,POST
FN:190,generateTimeSlots
FN:225,(anonymous_6)
FN:259,getAvailableAgents
FN:268,sendViewingConfirmation
FN:275,createCalendarEvent
FNF:7
FNH:0
FNDA:0,GET
FNDA:0,POST
FNDA:0,generateTimeSlots
FNDA:0,(anonymous_6)
FNDA:0,getAvailableAgents
FNDA:0,sendViewingConfirmation
FNDA:0,createCalendarEvent
DA:1,0
DA:2,0
DA:3,0
DA:4,0
DA:5,0
DA:6,0
DA:9,0
DA:16,0
DA:35,0
DA:36,0
DA:37,0
DA:38,0
DA:46,0
DA:47,0
DA:48,0
DA:49,0
DA:52,0
DA:60,0
DA:61,0
DA:65,0
DA:76,0
DA:84,0
DA:87,0
DA:95,0
DA:96,0
DA:97,0
DA:98,0
DA:99,0
DA:102,0
DA:103,0
DA:106,0
DA:114,0
DA:115,0
DA:122,0
DA:148,0
DA:157,0
DA:160,0
DA:163,0
DA:176,0
DA:182,0
DA:197,0
DA:198,0
DA:206,0
DA:212,0
DA:213,0
DA:214,0
DA:216,0
DA:217,0
DA:221,0
DA:225,0
DA:226,0
DA:227,0
DA:228,0
DA:234,0
DA:236,0
DA:240,0
DA:252,0
DA:255,0
DA:261,0
DA:276,0
DA:290,0
LF:61
LH:0
BRDA:60,0,0,0
BRDA:98,1,0,0
BRDA:114,2,0,0
BRDA:212,3,0,0
BRDA:212,3,1,0
BRDA:221,4,0,0
BRDA:221,4,1,0
BRDA:229,5,0,0
BRDA:229,5,1,0
BRDA:229,5,2,0
BRDA:229,5,3,0
BRDA:234,6,0,0
BRDA:234,7,0,0
BRDA:234,7,1,0
BRDA:236,8,0,0
BRDA:236,8,1,0
BRDA:246,9,0,0
BRDA:246,9,1,0
BRF:18
BRH:0
end_of_record
TN:
SF:src/app/api/webhooks/stripe/route.ts
FN:13,POST
FN:60,handlePaymentSuccess
FN:94,(anonymous_4)
FN:95,(anonymous_5)
FN:199,handlePaymentFailure
FN:250,handleRefund
FN:287,(anonymous_8)
FN:288,(anonymous_9)
FNF:8
FNH:0
FNDA:0,POST
FNDA:0,handlePaymentSuccess
FNDA:0,(anonymous_4)
FNDA:0,(anonymous_5)
FNDA:0,handlePaymentFailure
FNDA:0,handleRefund
FNDA:0,(anonymous_8)
FNDA:0,(anonymous_9)
DA:1,0
DA:2,0
DA:3,0
DA:4,0
DA:5,0
DA:7,0
DA:11,0
DA:13,0
DA:14,0
DA:15,0
DA:16,0
DA:18,0
DA:19,0
DA:24,0
DA:25,0
DA:28,0
DA:32,0
DA:34,0
DA:35,0
DA:38,0
DA:39,0
DA:42,0
DA:43,0
DA:49,0
DA:53,0
DA:61,0
DA:64,0
DA:74,0
DA:87,0
DA:89,0
DA:93,0
DA:94,0
DA:95,0
DA:98,0
DA:105,0
DA:106,0
DA:107,0
DA:110,0
DA:116,0
DA:131,0
DA:143,0
DA:157,0
DA:174,0
DA:175,0
DA:185,0
DA:200,0
DA:203,0
DA:212,0
DA:225,0
DA:233,0
DA:235,0
DA:251,0
DA:252,0
DA:256,0
DA:260,0
DA:262,0
DA:266,0
DA:276,0
DA:285,0
DA:286,0
DA:287,0
DA:288,0
DA:290,0
DA:299,0
DA:312,0
LF:65
LH:0
BRDA:7,0,0,0
BRDA:7,0,1,0
BRDA:11,1,0,0
BRDA:11,1,1,0
BRDA:18,2,0,0
BRDA:32,3,0,0
BRDA:32,3,1,0
BRDA:32,3,2,0
BRDA:32,3,3,0
BRDA:69,4,0,0
BRDA:69,4,1,0
BRDA:87,5,0,0
BRDA:101,6,0,0
BRDA:101,6,1,0
BRDA:105,7,0,0
BRDA:105,8,0,0
BRDA:105,8,1,0
BRDA:169,9,0,0
BRDA:169,9,1,0
BRDA:174,10,0,0
BRDA:174,11,0,0
BRDA:174,11,1,0
BRDA:233,12,0,0
BRDA:243,13,0,0
BRDA:243,13,1,0
BRDA:251,14,0,0
BRDA:251,15,0,0
BRDA:251,15,1,0
BRDA:260,16,0,0
BRDA:285,17,0,0
BRDA:288,18,0,0
BRDA:288,18,1,0
BRDA:294,19,0,0
BRDA:294,19,1,0
BRF:34
BRH:0
end_of_record
TN:
SF:src/app/api/websocket/route.ts
FN:8,GET
FN:36,(anonymous_5)
FN:45,POST
FNF:3
FNH:0
FNDA:0,GET
FNDA:0,(anonymous_5)
FNDA:0,POST
DA:2,0
DA:3,0
DA:4,0
DA:6,0
DA:8,0
DA:9,0
DA:10,0
DA:12,0
DA:13,0
DA:14,0
DA:16,0
DA:21,0
DA:29,0
DA:31,0
DA:36,0
DA:45,0
DA:46,0
DA:47,0
DA:48,0
DA:50,0
DA:51,0
DA:57,0
DA:59,0
DA:60,0
DA:63,0
DA:64,0
DA:67,0
DA:73,0
DA:76,0
DA:77,0
DA:80,0
DA:81,0
DA:84,0
DA:85,0
DA:88,0
DA:89,0
DA:92,0
DA:98,0
DA:103,0
LF:39
LH:0
BRDA:9,0,0,0
BRDA:22,1,0,0
BRDA:22,1,1,0
BRDA:50,2,0,0
BRDA:50,3,0,0
BRDA:50,3,1,0
BRDA:57,4,0,0
BRDA:57,4,1,0
BRDA:57,4,2,0
BRDA:57,4,3,0
BRDA:57,4,4,0
BRDA:57,4,5,0
BRDA:57,4,6,0
BRDA:57,4,7,0
BRDA:104,5,0,0
BRDA:104,5,1,0
BRF:16
BRH:0
end_of_record
TN:
SF:src/app/architect/collaboration/page.tsx
FN:29,ArchitectCollaboration
FN:166,(anonymous_5)
FNF:2
FNH:0
FNDA:0,ArchitectCollaboration
FNDA:0,(anonymous_5)
DA:1,0
DA:2,0
DA:5,0
DA:12,0
DA:13,0
DA:14,0
DA:15,0
DA:27,0
DA:29,0
DA:30,0
DA:31,0
DA:34,0
DA:55,0
DA:57,0
DA:167,0
LF:15
LH:0
BRDA:171,0,0,0
BRDA:171,0,1,0
BRDA:172,1,0,0
BRDA:172,1,1,0
BRF:4
BRH:0
end_of_record
TN:
SF:src/app/architect/dashboard/page.tsx
FN:10,ArchitectDashboard
FNF:1
FNH:0
FNDA:0,ArchitectDashboard
DA:3,0
DA:4,0
DA:8,0
DA:10,0
LF:4
LH:0
BRF:0
BRH:0
end_of_record
TN:
SF:src/app/auth/page.tsx
FN:7,AuthPage
FNF:1
FNH:0
FNDA:0,AuthPage
DA:3,0
DA:4,0
DA:5,0
DA:7,0
LF:4
LH:0
BRF:0
BRH:0
end_of_record
TN:
SF:src/app/auth-wrapper/page.tsx
FN:8,AuthWrapperPage
FN:12,(anonymous_5)
FNF:2
FNH:0
FNDA:0,AuthWrapperPage
FNDA:0,(anonymous_5)
DA:1,0
DA:2,0
DA:4,0
DA:5,0
DA:8,0
DA:9,0
DA:10,0
DA:12,0
DA:13,0
DA:15,0
DA:17,0
DA:18,0
DA:20,0
DA:21,0
DA:23,0
DA:24,0
DA:26,0
DA:27,0
DA:29,0
DA:30,0
DA:32,0
DA:37,0
DA:48,0
LF:23
LH:0
BRDA:13,0,0,0
BRDA:13,1,0,0
BRDA:13,1,1,0
BRDA:13,1,2,0
BRDA:15,2,0,0
BRDA:15,2,1,0
BRDA:15,2,2,0
BRDA:15,2,3,0
BRDA:15,2,4,0
BRDA:15,2,5,0
BRDA:37,3,0,0
BRDA:48,4,0,0
BRF:12
BRH:0
end_of_record
TN:
SF:src/app/auth/flow-demo/page.tsx
FN:7,AuthFlowDemo
FNF:1
FNH:0
FNDA:0,AuthFlowDemo
DA:1,0
DA:2,0
DA:4,0
DA:5,0
DA:7,0
LF:5
LH:0
BRF:0
BRH:0
end_of_record
TN:
SF:src/app/auth/login/page.tsx
FN:34,LoginPage
FN:66,(anonymous_6)
FN:73,onLoginSubmit
FN:113,onMfaSubmit
FN:144,handleOAuthSignIn
FN:227,(anonymous_10)
FN:267,(anonymous_11)
FN:275,(anonymous_12)
FN:324,(anonymous_13)
FNF:9
FNH:0
FNDA:0,LoginPage
FNDA:0,(anonymous_6)
FNDA:0,onLoginSubmit
FNDA:0,onMfaSubmit
FNDA:0,handleOAuthSignIn
FNDA:0,(anonymous_10)
FNDA:0,(anonymous_11)
FNDA:0,(anonymous_12)
FNDA:0,(anonymous_13)
DA:1,0
DA:2,0
DA:5,0
DA:6,0
DA:7,0
DA:8,0
DA:9,0
DA:10,0
DA:11,0
DA:12,0
DA:13,0
DA:14,0
DA:15,0
DA:16,0
DA:17,0
DA:19,0
DA:20,0
DA:23,0
DA:28,0
DA:34,0
DA:35,0
DA:36,0
DA:37,0
DA:39,0
DA:40,0
DA:41,0
DA:42,0
DA:43,0
DA:44,0
DA:46,0
DA:47,0
DA:50,0
DA:59,0
DA:66,0
DA:67,0
DA:68,0
DA:74,0
DA:75,0
DA:77,0
DA:78,0
DA:84,0
DA:85,0
DA:87,0
DA:88,0
DA:89,0
DA:90,0
DA:95,0
DA:97,0
DA:98,0
DA:102,0
DA:103,0
DA:106,0
DA:108,0
DA:114,0
DA:115,0
DA:117,0
DA:118,0
DA:125,0
DA:126,0
DA:127,0
DA:128,0
DA:129,0
DA:133,0
DA:134,0
DA:137,0
DA:139,0
DA:145,0
DA:146,0
DA:148,0
DA:149,0
DA:153,0
DA:155,0
DA:227,0
DA:267,0
DA:275,0
DA:325,0
DA:326,0
DA:327,0
LF:78
LH:0
BRDA:46,0,0,0
BRDA:46,0,1,0
BRDA:67,1,0,0
BRDA:84,2,0,0
BRDA:84,2,1,0
BRDA:85,3,0,0
BRDA:85,3,1,0
BRDA:97,4,0,0
BRDA:125,5,0,0
BRDA:125,5,1,0
BRDA:128,6,0,0
BRDA:164,7,0,0
BRDA:164,7,1,0
BRDA:167,8,0,0
BRDA:167,8,1,0
BRDA:175,9,0,0
BRDA:183,10,0,0
BRDA:199,11,0,0
BRDA:219,12,0,0
BRDA:219,12,1,0
BRDA:231,13,0,0
BRDA:234,14,0,0
BRDA:244,15,0,0
BRDA:244,15,1,0
BRDA:301,16,0,0
BRDA:311,17,0,0
BRDA:311,17,1,0
BRDA:347,18,0,0
BRF:28
BRH:0
end_of_record
TN:
SF:src/app/auth/step-up/page.tsx
FN:4,Loading
FN:15,StepUpAuthPage
FNF:2
FNH:0
FNDA:0,Loading
FNDA:0,StepUpAuthPage
DA:1,0
DA:2,0
DA:15,0
LF:3
LH:0
BRF:0
BRH:0
end_of_record
TN:
SF:src/app/auth/test/page.tsx
FN:9,AuthTestPage
FN:14,(anonymous_6)
FN:58,(anonymous_7)
FN:64,(anonymous_8)
FN:70,(anonymous_9)
FN:76,(anonymous_10)
FN:114,(anonymous_11)
FNF:7
FNH:0
FNDA:0,AuthTestPage
FNDA:0,(anonymous_6)
FNDA:0,(anonymous_7)
FNDA:0,(anonymous_8)
FNDA:0,(anonymous_9)
FNDA:0,(anonymous_10)
FNDA:0,(anonymous_11)
DA:1,0
DA:2,0
DA:5,0
DA:7,0
DA:9,0
DA:10,0
DA:11,0
DA:12,0
DA:14,0
DA:15,0
DA:16,0
DA:21,0
DA:22,0
DA:23,0
DA:25,0
DA:26,0
DA:29,0
DA:30,0
DA:58,0
DA:64,0
DA:70,0
DA:76,0
DA:114,0
LF:23
LH:0
BRDA:21,0,0,0
BRDA:21,0,1,0
BRDA:43,1,0,0
BRDA:46,2,0,0
BRDA:46,2,1,0
BRDA:52,3,0,0
BRDA:98,4,0,0
BRDA:104,5,0,0
BRDA:110,6,0,0
BRF:9
BRH:0
end_of_record
TN:
SF:src/app/buyer/layout.tsx
FN:34,BuyerLayout
FN:63,(anonymous_6)
FN:104,(anonymous_7)
FN:109,(anonymous_8)
FN:120,(anonymous_9)
FN:167,(anonymous_10)
FN:215,(anonymous_11)
FN:227,(anonymous_12)
FN:239,(anonymous_13)
FN:248,(anonymous_14)
FNF:10
FNH:0
FNDA:0,BuyerLayout
FNDA:0,(anonymous_6)
FNDA:0,(anonymous_7)
FNDA:0,(anonymous_8)
FNDA:0,(anonymous_9)
FNDA:0,(anonymous_10)
FNDA:0,(anonymous_11)
FNDA:0,(anonymous_12)
FNDA:0,(anonymous_13)
FNDA:0,(anonymous_14)
DA:3,0
DA:4,0
DA:5,0
DA:6,0
DA:29,0
DA:34,0
DA:35,0
DA:36,0
DA:37,0
DA:39,0
DA:58,0
DA:63,0
DA:64,0
DA:65,0
DA:105,0
DA:106,0
DA:109,0
DA:121,0
DA:122,0
DA:142,0
DA:143,0
DA:168,0
DA:169,0
DA:215,0
DA:227,0
DA:240,0
DA:241,0
DA:248,0
LF:28
LH:0
BRDA:64,0,0,0
BRDA:105,1,0,0
BRDA:116,2,0,0
BRDA:116,2,1,0
BRDA:118,3,0,0
BRDA:127,4,0,0
BRDA:127,4,1,0
BRDA:130,5,0,0
BRDA:130,5,1,0
BRDA:142,6,0,0
BRDA:142,6,1,0
BRDA:146,7,0,0
BRDA:146,7,1,0
BRDA:148,8,0,0
BRDA:148,8,1,0
BRDA:151,9,0,0
BRDA:151,9,1,0
BRDA:153,10,0,0
BRDA:156,11,0,0
BRDA:174,12,0,0
BRDA:174,12,1,0
BRDA:177,13,0,0
BRDA:177,13,1,0
BRDA:218,14,0,0
BRDA:224,15,0,0
BRDA:234,16,0,0
BRDA:234,16,1,0
BRDA:240,17,0,0
BRDA:240,17,1,0
BRDA:244,18,0,0
BRDA:244,18,1,0
BRDA:246,19,0,0
BRDA:246,19,1,0
BRDA:250,20,0,0
BRDA:250,20,1,0
BRF:35
BRH:0
end_of_record
TN:
SF:src/app/buyer/page.tsx
FN:98,BuyerOverviewPage
FN:105,(anonymous_6)
FN:107,(anonymous_7)
FN:116,(anonymous_8)
FN:118,(anonymous_9)
FN:124,(anonymous_10)
FN:132,(anonymous_11)
FN:183,(anonymous_12)
FN:372,(anonymous_13)
FN:435,(anonymous_14)
FN:447,(anonymous_15)
FN:474,(anonymous_16)
FN:481,(anonymous_17)
FN:504,(anonymous_18)
FN:510,(anonymous_19)
FN:537,(anonymous_20)
FN:573,(anonymous_21)
FN:584,(anonymous_22)
FN:590,(anonymous_23)
FN:666,(anonymous_24)
FN:677,(anonymous_25)
FN:723,(anonymous_26)
FN:733,(anonymous_27)
FN:737,(anonymous_28)
FN:810,(anonymous_29)
FN:885,(anonymous_30)
FN:891,(anonymous_31)
FN:919,(anonymous_32)
FN:922,(anonymous_33)
FN:946,(anonymous_34)
FN:972,(anonymous_35)
FN:995,(anonymous_36)
FN:1006,(anonymous_37)
FN:1017,(anonymous_38)
FN:1028,(anonymous_39)
FNF:35
FNH:0
FNDA:0,BuyerOverviewPage
FNDA:0,(anonymous_6)
FNDA:0,(anonymous_7)
FNDA:0,(anonymous_8)
FNDA:0,(anonymous_9)
FNDA:0,(anonymous_10)
FNDA:0,(anonymous_11)
FNDA:0,(anonymous_12)
FNDA:0,(anonymous_13)
FNDA:0,(anonymous_14)
FNDA:0,(anonymous_15)
FNDA:0,(anonymous_16)
FNDA:0,(anonymous_17)
FNDA:0,(anonymous_18)
FNDA:0,(anonymous_19)
FNDA:0,(anonymous_20)
FNDA:0,(anonymous_21)
FNDA:0,(anonymous_22)
FNDA:0,(anonymous_23)
FNDA:0,(anonymous_24)
FNDA:0,(anonymous_25)
FNDA:0,(anonymous_26)
FNDA:0,(anonymous_27)
FNDA:0,(anonymous_28)
FNDA:0,(anonymous_29)
FNDA:0,(anonymous_30)
FNDA:0,(anonymous_31)
FNDA:0,(anonymous_32)
FNDA:0,(anonymous_33)
FNDA:0,(anonymous_34)
FNDA:0,(anonymous_35)
FNDA:0,(anonymous_36)
FNDA:0,(anonymous_37)
FNDA:0,(anonymous_38)
FNDA:0,(anonymous_39)
DA:3,0
DA:4,0
DA:5,0
DA:7,0
DA:37,0
DA:98,0
DA:99,0
DA:100,0
DA:101,0
DA:102,0
DA:103,0
DA:105,0
DA:107,0
DA:109,0
DA:112,0
DA:113,0
DA:116,0
DA:117,0
DA:118,0
DA:122,0
DA:124,0
DA:125,0
DA:129,0
DA:132,0
DA:134,0
DA:135,0
DA:137,0
DA:138,0
DA:140,0
DA:141,0
DA:142,0
DA:143,0
DA:146,0
DA:159,0
DA:173,0
DA:175,0
DA:179,0
DA:183,0
DA:184,0
DA:186,0
DA:187,0
DA:205,0
DA:209,0
DA:251,0
DA:282,0
DA:321,0
DA:372,0
DA:373,0
DA:374,0
DA:376,0
DA:377,0
DA:379,0
DA:382,0
DA:435,0
DA:447,0
DA:474,0
DA:481,0
DA:504,0
DA:510,0
DA:538,0
DA:573,0
DA:585,0
DA:592,0
DA:593,0
DA:595,0
DA:667,0
DA:678,0
DA:723,0
DA:734,0
DA:737,0
DA:810,0
DA:885,0
DA:892,0
DA:920,0
DA:923,0
DA:924,0
DA:925,0
DA:926,0
DA:947,0
DA:972,0
DA:995,0
DA:1006,0
DA:1017,0
DA:1028,0
LF:84
LH:0
BRDA:117,0,0,0
BRDA:140,1,0,0
BRDA:140,2,0,0
BRDA:140,2,1,0
BRDA:197,3,0,0
BRDA:197,3,1,0
BRDA:199,4,0,0
BRDA:199,4,1,0
BRDA:201,5,0,0
BRDA:201,5,1,0
BRDA:324,6,0,0
BRDA:324,6,1,0
BRDA:336,7,0,0
BRDA:336,7,1,0
BRDA:348,8,0,0
BRDA:348,8,1,0
BRDA:360,9,0,0
BRDA:360,9,1,0
BRDA:373,10,0,0
BRDA:376,11,0,0
BRDA:382,12,0,0
BRDA:397,13,0,0
BRDA:397,13,1,0
BRDA:408,14,0,0
BRDA:429,15,0,0
BRDA:429,15,1,0
BRDA:460,16,0,0
BRDA:460,16,1,0
BRDA:518,17,0,0
BRDA:543,18,0,0
BRDA:588,19,0,0
BRDA:588,19,1,0
BRDA:592,20,0,0
BRDA:592,20,1,0
BRDA:592,21,0,0
BRDA:592,21,1,0
BRDA:602,22,0,0
BRDA:602,22,1,0
BRDA:604,23,0,0
BRDA:604,23,1,0
BRDA:612,24,0,0
BRDA:612,24,1,0
BRDA:615,25,0,0
BRDA:615,25,1,0
BRDA:625,26,0,0
BRDA:633,27,0,0
BRDA:633,27,1,0
BRDA:658,28,0,0
BRDA:675,29,0,0
BRDA:675,29,1,0
BRDA:680,30,0,0
BRDA:680,30,1,0
BRDA:681,31,0,0
BRDA:681,31,1,0
BRDA:685,32,0,0
BRDA:693,33,0,0
BRDA:700,34,0,0
BRDA:700,34,1,0
BRDA:701,35,0,0
BRDA:701,35,1,0
BRDA:704,36,0,0
BRDA:704,36,1,0
BRDA:705,37,0,0
BRDA:705,37,1,0
BRDA:745,38,0,0
BRDA:895,39,0,0
BRDA:895,39,1,0
BRDA:900,40,0,0
BRDA:900,40,1,0
BRDA:901,41,0,0
BRDA:901,41,1,0
BRDA:902,42,0,0
BRDA:902,42,1,0
BRDA:905,43,0,0
BRDA:906,44,0,0
BRDA:907,45,0,0
BRDA:917,46,0,0
BRDA:917,46,1,0
BRDA:923,47,0,0
BRDA:923,47,1,0
BRDA:925,48,0,0
BRDA:930,49,0,0
BRDA:930,49,1,0
BRDA:950,50,0,0
BRDA:950,50,1,0
BRDA:955,51,0,0
BRDA:955,51,1,0
BRDA:956,52,0,0
BRDA:956,52,1,0
BRDA:957,53,0,0
BRDA:957,53,1,0
BRDA:960,54,0,0
BRDA:961,55,0,0
BRDA:962,56,0,0
BRDA:970,57,0,0
BRF:95
BRH:0
end_of_record
TN:
SF:src/app/buyer-journey/page.tsx
FN:149,BuyerJourneyPage
FN:151,(anonymous_5)
FN:154,(anonymous_6)
FN:255,(anonymous_7)
FN:261,(anonymous_8)
FN:318,(anonymous_9)
FNF:6
FNH:0
FNDA:0,BuyerJourneyPage
FNDA:0,(anonymous_5)
FNDA:0,(anonymous_6)
FNDA:0,(anonymous_7)
FNDA:0,(anonymous_8)
FNDA:0,(anonymous_9)
DA:1,0
DA:2,0
DA:5,0
DA:6,0
DA:7,0
DA:8,0
DA:9,0
DA:27,0
DA:30,0
DA:149,0
DA:150,0
DA:151,0
DA:154,0
DA:155,0
DA:156,0
DA:159,0
DA:256,0
DA:261,0
DA:319,0
LF:19
LH:0
BRDA:259,0,0,0
BRDA:259,0,1,0
BRDA:265,1,0,0
BRDA:265,1,1,0
BRDA:266,2,0,0
BRDA:266,2,1,0
BRDA:270,3,0,0
BRDA:272,4,0,0
BRDA:277,5,0,0
BRDA:279,6,0,0
BRDA:279,6,1,0
BRDA:289,7,0,0
BRDA:322,8,0,0
BRDA:322,8,1,0
BRDA:324,9,0,0
BRDA:326,10,0,0
BRDA:326,10,1,0
BRDA:330,11,0,0
BRDA:339,12,0,0
BRDA:339,12,1,0
BRF:20
BRH:0
end_of_record
TN:
SF:src/app/buyer/advisor/page.tsx
FN:32,AdvisorPage
FN:100,(anonymous_5)
FN:152,(anonymous_6)
FN:156,(anonymous_7)
FN:184,(anonymous_8)
FN:225,(anonymous_9)
FN:241,(anonymous_10)
FN:252,(anonymous_11)
FN:263,(anonymous_12)
FN:280,(anonymous_13)
FN:285,(anonymous_14)
FN:304,(anonymous_15)
FN:307,(anonymous_16)
FNF:13
FNH:0
FNDA:0,AdvisorPage
FNDA:0,(anonymous_5)
FNDA:0,(anonymous_6)
FNDA:0,(anonymous_7)
FNDA:0,(anonymous_8)
FNDA:0,(anonymous_9)
FNDA:0,(anonymous_10)
FNDA:0,(anonymous_11)
FNDA:0,(anonymous_12)
FNDA:0,(anonymous_13)
FNDA:0,(anonymous_14)
FNDA:0,(anonymous_15)
FNDA:0,(anonymous_16)
DA:1,0
DA:2,0
DA:5,0
DA:6,0
DA:32,0
DA:33,0
DA:34,0
DA:35,0
DA:36,0
DA:39,0
DA:91,0
DA:100,0
DA:101,0
DA:153,0
DA:156,0
DA:185,0
DA:225,0
DA:241,0
DA:252,0
DA:263,0
DA:281,0
DA:282,0
DA:285,0
DA:305,0
DA:307,0
LF:25
LH:0
BRDA:101,0,0,0
BRDA:101,1,0,0
BRDA:101,1,1,0
BRDA:101,1,2,0
BRDA:218,2,0,0
BRDA:243,3,0,0
BRDA:243,3,1,0
BRDA:254,4,0,0
BRDA:254,4,1,0
BRDA:265,5,0,0
BRDA:265,5,1,0
BRDA:287,6,0,0
BRDA:287,6,1,0
BRDA:310,7,0,0
BRDA:310,7,1,0
BRDA:312,8,0,0
BRDA:312,8,1,0
BRDA:324,9,0,0
BRDA:324,9,1,0
BRDA:346,10,0,0
BRDA:346,10,1,0
BRF:21
BRH:0
end_of_record
TN:
SF:src/app/buyer/calculator/page.tsx
FN:7,BuyerCalculatorPage
FN:14,(anonymous_5)
FN:37,(anonymous_6)
FN:49,(anonymous_7)
FN:61,(anonymous_8)
FN:73,(anonymous_9)
FN:77,(anonymous_10)
FN:120,(anonymous_11)
FN:126,(anonymous_12)
FNF:9
FNH:0
FNDA:0,BuyerCalculatorPage
FNDA:0,(anonymous_5)
FNDA:0,(anonymous_6)
FNDA:0,(anonymous_7)
FNDA:0,(anonymous_8)
FNDA:0,(anonymous_9)
FNDA:0,(anonymous_10)
FNDA:0,(anonymous_11)
FNDA:0,(anonymous_12)
DA:3,0
DA:4,0
DA:5,0
DA:7,0
DA:8,0
DA:9,0
DA:10,0
DA:11,0
DA:12,0
DA:14,0
DA:15,0
DA:16,0
DA:17,0
DA:18,0
DA:21,0
DA:37,0
DA:49,0
DA:61,0
DA:73,0
DA:77,0
DA:120,0
DA:126,0
LF:22
LH:0
BRF:0
BRH:0
end_of_record
TN:
SF:src/app/buyer/calculator/htb/page.tsx
FN:8,HTBCalculatorPage
FN:20,(anonymous_5)
FN:94,(anonymous_6)
FN:110,(anonymous_7)
FN:126,(anonymous_8)
FN:139,(anonymous_9)
FN:254,(anonymous_10)
FN:261,(anonymous_11)
FNF:8
FNH:0
FNDA:0,HTBCalculatorPage
FNDA:0,(anonymous_5)
FNDA:0,(anonymous_6)
FNDA:0,(anonymous_7)
FNDA:0,(anonymous_8)
FNDA:0,(anonymous_9)
FNDA:0,(anonymous_10)
FNDA:0,(anonymous_11)
DA:1,0
DA:2,0
DA:5,0
DA:6,0
DA:8,0
DA:9,0
DA:12,0
DA:13,0
DA:14,0
DA:15,0
DA:18,0
DA:20,0
DA:21,0
DA:22,0
DA:23,0
DA:26,0
DA:27,0
DA:28,0
DA:31,0
DA:32,0
DA:33,0
DA:36,0
DA:37,0
DA:39,0
DA:94,0
DA:110,0
DA:126,0
DA:139,0
DA:254,0
DA:261,0
LF:30
LH:0
BRDA:21,0,0,0
BRDA:21,0,1,0
BRDA:22,1,0,0
BRDA:22,1,1,0
BRDA:23,2,0,0
BRDA:23,2,1,0
BRDA:26,3,0,0
[...]
DA:562,0
DA:563,0
DA:564,0
DA:576,0
LF:18
LH:0
BRDA:563,0,0,0
BRDA:563,0,1,0
BRDA:564,1,0,0
BRDA:564,1,1,0
BRF:4
BRH:0
end_of_record
TN:
SF:src/types/core/financial.ts
FN:485,calculateProfitMargins
FN:500,calculateROI
FN:510,calculatePricePerSqM
FN:520,getTransactionSummaryByCategory
FN:523,(anonymous_23)
FNF:5
FNH:0
FNDA:0,calculateProfitMargins
FNDA:0,calculateROI
FNDA:0,calculatePricePerSqM
FNDA:0,getTransactionSummaryByCategory
FNDA:0,(anonymous_23)
DA:71,0
DA:260,0
DA:302,0
DA:314,0
DA:334,0
DA:369,0
DA:382,0
DA:485,0
DA:488,0
DA:489,0
DA:491,0
DA:500,0
DA:504,0
DA:510,0
DA:514,0
DA:520,0
DA:523,0
DA:524,0
DA:525,0
DA:527,0
DA:528,0
LF:21
LH:0
BRDA:525,0,0,0
BRDA:525,0,1,0
BRDA:527,1,0,0
BRDA:527,1,1,0
BRF:4
BRH:0
end_of_record
TN:
SF:src/types/core/index.ts
FNF:0
FNH:0
DA:7,0
DA:11,0
DA:15,0
DA:20,0
DA:21,0
DA:59,0
DA:60,0
DA:61,0
DA:62,0
DA:87,0
DA:91,0
DA:96,0
DA:97,0
DA:98,0
DA:99,0
DA:127,0
DA:132,0
DA:133,0
DA:134,0
DA:135,0
DA:190,0
DA:194,0
DA:199,0
DA:200,0
DA:201,0
LF:25
LH:0
BRF:0
BRH:0
end_of_record
TN:
SF:src/types/core/location.ts
FN:87,formatAddress
FN:103,calculateDistance
FN:121,toRad
FNF:3
FNH:0
FNDA:0,formatAddress
FNDA:0,calculateDistance
FNDA:0,toRad
DA:53,0
DA:87,0
DA:88,0
DA:96,0
DA:103,0
DA:107,0
DA:108,0
DA:109,0
DA:112,0
DA:116,0
DA:117,0
DA:122,0
LF:12
LH:0
BRDA:89,0,0,0
BRDA:89,0,1,0
BRF:2
BRH:0
end_of_record
TN:
SF:src/types/core/professional.ts
FN:272,hasProfessionalSpecialization
FN:282,isProfessionalAvailable
FN:289,getUserProfessionalRoles
FN:301,(anonymous_19)
FN:302,(anonymous_20)
FNF:5
FNH:0
FNDA:0,hasProfessionalSpecialization
FNDA:0,isProfessionalAvailable
FNDA:0,getUserProfessionalRoles
FNDA:0,(anonymous_19)
FNDA:0,(anonymous_20)
DA:8,0
DA:35,0
DA:46,0
DA:147,0
DA:171,0
DA:198,0
DA:243,0
DA:272,0
DA:276,0
DA:282,0
DA:283,0
DA:289,0
DA:290,0
DA:300,0
DA:301,0
DA:302,0
LF:16
LH:0
BRF:0
BRH:0
end_of_record
TN:
SF:src/types/core/project.ts
FN:1009,calculateScheduleVariance
FN:1033,calculateRiskScore
FN:1059,identifyCriticalPath
FN:1062,(anonymous_41)
FNF:4
FNH:0
FNDA:0,calculateScheduleVariance
FNDA:0,calculateRiskScore
FNDA:0,identifyCriticalPath
FNDA:0,(anonymous_41)
DA:71,0
DA:217,0
DA:251,0
DA:296,0
DA:309,0
DA:365,0
DA:382,0
DA:387,0
DA:394,0
DA:406,0
DA:451,0
DA:471,0
DA:482,0
DA:617,0
DA:640,0
DA:653,0
DA:708,0
DA:758,0
DA:1009,0
DA:1012,0
DA:1013,0
DA:1016,0
DA:1020,0
DA:1024,0
DA:1025,0
DA:1027,0
DA:1033,0
DA:1037,0
DA:1045,0
DA:1053,0
DA:1059,0
DA:1062,0
LF:32
LH:0
BRDA:1012,0,0,0
BRDA:1012,1,0,0
BRDA:1012,1,1,0
BRDA:1021,2,0,0
BRDA:1021,2,1,0
BRDA:1025,3,0,0
BRDA:1025,3,1,0
BRF:7
BRH:0
end_of_record
TN:
SF:src/types/core/unit.ts
FN:286,calculateTotalPrice
FN:291,(anonymous_19)
FN:301,formatPrice
FN:308,getBerRatingColor
FNF:4
FNH:0
FNDA:0,calculateTotalPrice
FNDA:0,(anonymous_19)
FNDA:0,formatPrice
FNDA:0,getBerRatingColor
DA:60,0
DA:76,0
DA:91,0
DA:126,0
DA:153,0
DA:203,0
DA:271,0
DA:286,0
DA:287,0
DA:288,0
DA:291,0
DA:292,0
DA:295,0
DA:301,0
DA:302,0
DA:308,0
DA:309,0
DA:313,0
DA:317,0
DA:321,0
DA:324,0
DA:327,0
DA:330,0
DA:332,0
LF:24
LH:0
BRDA:287,0,0,0
BRDA:287,1,0,0
BRDA:287,1,1,0
BRDA:292,2,0,0
BRDA:292,2,1,0
BRDA:301,3,0,0
BRDA:309,4,0,0
BRDA:309,4,1,0
BRDA:309,4,2,0
BRDA:309,4,3,0
BRDA:309,4,4,0
BRDA:309,4,5,0
BRDA:309,4,6,0
BRDA:309,4,7,0
BRDA:309,4,8,0
BRDA:309,4,9,0
BRDA:309,4,10,0
BRDA:309,4,11,0
BRDA:309,4,12,0
BRDA:309,4,13,0
BRDA:309,4,14,0
BRDA:309,4,15,0
BRF:22
BRH:0
end_of_record
TN:
SF:src/types/development/index.ts
FNF:0
FNH:0
DA:9,0
DA:10,0
DA:11,0
LF:3
LH:0
BRF:0
BRH:0
end_of_record
TN:
SF:src/types/finance/index.ts
FNF:0
FNH:0
DA:8,0
DA:9,0
DA:10,0
DA:11,0
LF:4
LH:0
BRF:0
BRH:0
end_of_record
TN:
SF:src/types/models/index.ts
FNF:0
FNH:0
DA:10,0
DA:11,0
DA:12,0
DA:13,0
DA:14,0
DA:15,0
DA:16,0
DA:17,0
LF:8
LH:0
BRF:0
BRH:0
end_of_record
TN:
SF:src/utils/auth-utils.ts
FN:16,canAccessTransaction
FN:72,canAccessDevelopment
FN:117,canAccessUnit
FN:167,canAccessDocument
FNF:4
FNH:0
FNDA:0,canAccessTransaction
FNDA:0,canAccessDevelopment
FNDA:0,canAccessUnit
FNDA:0,canAccessDocument
DA:2,0
DA:4,0
DA:16,0
DA:20,0
DA:22,0
DA:23,0
DA:26,0
DA:28,0
DA:29,0
DA:44,0
DA:47,0
DA:49,0
DA:52,0
DA:55,0
DA:58,0
DA:61,0
DA:65,0
DA:72,0
DA:76,0
DA:78,0
DA:79,0
DA:82,0
DA:84,0
DA:85,0
DA:92,0
DA:95,0
DA:97,0
DA:103,0
DA:106,0
DA:110,0
DA:117,0
DA:121,0
DA:123,0
DA:124,0
DA:127,0
DA:129,0
DA:130,0
DA:142,0
DA:145,0
DA:147,0
DA:153,0
DA:156,0
DA:160,0
DA:167,0
DA:171,0
DA:173,0
DA:174,0
DA:177,0
DA:179,0
DA:180,0
DA:202,0
DA:205,0
DA:208,0
DA:209,0
DA:210,0
DA:211,0
DA:215,0
DA:217,0
DA:219,0
DA:222,0
DA:225,0
DA:228,0
DA:231,0
DA:235,0
DA:238,0
LF:65
LH:0
BRDA:20,0,0,0
BRDA:20,1,0,0
BRDA:20,1,1,0
BRDA:26,2,0,0
BRDA:44,3,0,0
BRDA:47,4,0,0
BRDA:47,4,1,0
BRDA:47,4,2,0
BRDA:47,4,3,0
BRDA:47,4,4,0
BRDA:76,5,0,0
BRDA:76,6,0,0
BRDA:76,6,1,0
BRDA:82,7,0,0
BRDA:92,8,0,0
BRDA:95,9,0,0
BRDA:95,9,1,0
BRDA:95,9,2,0
BRDA:95,9,3,0
BRDA:95,9,4,0
BRDA:121,10,0,0
BRDA:121,11,0,0
BRDA:121,11,1,0
BRDA:127,12,0,0
BRDA:142,13,0,0
BRDA:145,14,0,0
BRDA:145,14,1,0
BRDA:145,14,2,0
BRDA:145,14,3,0
BRDA:145,14,4,0
BRDA:171,15,0,0
BRDA:171,16,0,0
BRDA:171,16,1,0
BRDA:177,17,0,0
BRDA:202,18,0,0
BRDA:205,19,0,0
BRDA:208,20,0,0
BRDA:210,21,0,0
BRDA:211,22,0,0
BRDA:215,23,0,0
BRDA:215,24,0,0
BRDA:215,24,1,0
BRDA:217,25,0,0
BRDA:217,25,1,0
BRDA:217,25,2,0
BRDA:217,25,3,0
BRDA:217,25,4,0
BRF:47
BRH:0
end_of_record
TN:
SF:src/utils/cache-manager.ts
FN:14,(anonymous_3)
FN:31,(anonymous_4)
FN:48,(anonymous_5)
FN:66,(anonymous_6)
FN:86,(anonymous_7)
FNF:5
FNH:0
FNDA:0,(anonymous_3)
FNDA:0,(anonymous_4)
FNDA:0,(anonymous_5)
FNDA:0,(anonymous_6)
FNDA:0,(anonymous_7)
DA:5,0
DA:6,0
DA:7,0
DA:8,0
DA:16,0
DA:17,0
DA:18,0
DA:19,0
DA:22,0
DA:25,0
DA:32,0
DA:33,0
DA:36,0
DA:37,0
DA:38,0
DA:39,0
DA:41,0
DA:49,0
DA:50,0
DA:53,0
DA:54,0
DA:55,0
DA:56,0
DA:57,0
DA:68,0
DA:71,0
DA:72,0
DA:74,0
DA:75,0
DA:76,0
DA:79,0
DA:87,0
DA:88,0
DA:89,0
DA:94,0
LF:35
LH:0
BRDA:16,0,0,0
BRDA:18,1,0,0
BRDA:18,1,1,0
BRDA:18,2,0,0
BRDA:18,2,1,0
BRDA:31,3,0,0
BRDA:36,4,0,0
BRDA:36,5,0,0
BRDA:36,5,1,0
BRDA:36,5,2,0
BRDA:38,6,0,0
BRDA:54,7,0,0
BRDA:56,8,0,0
BRDA:72,9,0,0
BRF:14
BRH:0
end_of_record
TN:
SF:src/utils/date-utils.ts
FNF:0
FNH:0
DA:10,0
DA:22,0
DA:23,0
DA:24,0
DA:25,0
LF:5
LH:0
BRF:0
BRH:0
end_of_record
TN:
SF:src/utils/format-utils.ts
FNF:0
FNH:0
DA:12,0
DA:15,0
DA:16,0
DA:17,0
DA:18,0
DA:19,0
DA:20,0
DA:21,0
LF:8
LH:0
BRF:0
BRH:0
end_of_record
TN:
SF:src/utils/index.ts
FN:29,safeGet
FN:36,delay
FN:37,(anonymous_22)
FN:43,safeJsonParse
FN:55,generateId
FN:62,debounce
FN:68,(anonymous_26)
FN:72,(anonymous_27)
FN:79,throttle
FN:85,(anonymous_29)
FN:89,(anonymous_30)
FNF:11
FNH:0
FNDA:0,safeGet
FNDA:0,delay
FNDA:0,(anonymous_22)
FNDA:0,safeJsonParse
FNDA:0,generateId
FNDA:0,debounce
FNDA:0,(anonymous_26)
FNDA:0,(anonymous_27)
FNDA:0,throttle
FNDA:0,(anonymous_29)
FNDA:0,(anonymous_30)
DA:8,0
DA:12,0
DA:13,0
DA:14,0
DA:15,0
DA:16,0
DA:17,0
DA:18,0
DA:19,0
DA:20,0
DA:23,0
DA:24,0
DA:29,0
DA:30,0
DA:36,0
DA:37,0
DA:43,0
DA:44,0
DA:45,0
DA:48,0
DA:55,0
DA:56,0
DA:62,0
DA:66,0
DA:68,0
DA:69,0
DA:70,0
DA:72,0
DA:79,0
DA:83,0
DA:85,0
DA:86,0
DA:87,0
DA:88,0
DA:89,0
DA:90,0
LF:36
LH:0
BRDA:30,0,0,0
BRDA:30,0,1,0
BRDA:55,1,0,0
BRDA:69,2,0,0
BRDA:86,3,0,0
BRF:5
BRH:0
end_of_record
TN:
SF:src/utils/lazy-load.tsx
FN:7,(anonymous_2)
FN:9,(anonymous_3)
FNF:2
FNH:0
FNDA:0,(anonymous_2)
FNDA:0,(anonymous_3)
DA:1,0
DA:3,0
DA:5,0
DA:7,0
DA:8,0
DA:9,0
LF:6
LH:0
BRDA:7,0,0,0
BRF:1
BRH:0
end_of_record
TN:
SF:src/utils/logger.ts
FN:7,(anonymous_3)
FN:11,(anonymous_4)
FN:17,(anonymous_5)
FN:21,(anonymous_6)
FN:25,(anonymous_7)
FNF:5
FNH:0
FNDA:0,(anonymous_3)
FNDA:0,(anonymous_4)
FNDA:0,(anonymous_5)
FNDA:0,(anonymous_6)
FNDA:0,(anonymous_7)
DA:4,0
DA:8,0
DA:12,0
DA:31,0
LF:4
LH:0
BRDA:12,0,0,0
BRF:1
BRH:0
end_of_record
TN:
SF:src/utils/metrics.ts
FN:16,(anonymous_3)
FN:40,(anonymous_4)
FN:62,(anonymous_5)
FN:78,(anonymous_6)
FN:94,(anonymous_7)
FNF:5
FNH:0
FNDA:0,(anonymous_3)
FNDA:0,(anonymous_4)
FNDA:0,(anonymous_5)
FNDA:0,(anonymous_6)
FNDA:0,(anonymous_7)
DA:5,0
DA:6,0
DA:23,0
DA:29,0
DA:46,0
DA:52,0
DA:67,0
DA:83,0
DA:95,0
DA:100,0
LF:10
LH:0
BRDA:29,0,0,0
BRDA:52,1,0,0
BRF:2
BRH:0
end_of_record
TN:
SF:src/utils/modelLoaderUtils.tsx
FN:31,createFallbackModel
FN:77,(anonymous_7)
FN:82,(anonymous_8)
FN:87,(anonymous_9)
FN:92,(anonymous_10)
FNF:5
FNH:0
FNDA:0,createFallbackModel
FNDA:0,(anonymous_7)
FNDA:0,(anonymous_8)
FNDA:0,(anonymous_9)
FNDA:0,(anonymous_10)
DA:3,0
DA:6,0
DA:13,0
DA:31,0
DA:33,0
DA:35,0
DA:37,0
DA:38,0
DA:40,0
DA:41,0
DA:43,0
DA:44,0
DA:46,0
DA:47,0
DA:51,0
DA:52,0
DA:60,0
DA:63,0
DA:64,0
DA:66,0
DA:76,0
DA:78,0
DA:79,0
DA:84,0
DA:93,0
DA:95,0
DA:97,0
DA:98,0
DA:102,0
DA:106,0
LF:30
LH:0
BRDA:31,0,0,0
BRDA:35,1,0,0
BRDA:35,1,1,0
BRDA:35,1,2,0
BRDA:35,1,3,0
BRDA:95,2,0,0
BRDA:97,3,0,0
BRF:7
BRH:0
end_of_record
TN:
SF:src/utils/paramValidator.ts
FN:13,getValidParam
FN:37,getValidParamWithOptions
FN:106,getNumericId
FN:170,getBooleanParam
FN:196,createQueryString
FN:204,(anonymous_11)
FNF:6
FNH:0
FNDA:0,getValidParam
FNDA:0,getValidParamWithOptions
FNDA:0,getNumericId
FNDA:0,getBooleanParam
FNDA:0,createQueryString
FNDA:0,(anonymous_11)
DA:13,0
DA:19,0
DA:22,0
DA:23,0
DA:26,0
DA:37,0
DA:58,0
DA:60,0
DA:63,0
DA:64,0
DA:68,0
DA:71,0
DA:72,0
DA:73,0
DA:75,0
DA:79,0
DA:80,0
DA:81,0
DA:83,0
DA:87,0
DA:88,0
DA:89,0
DA:91,0
DA:94,0
DA:106,0
DA:117,0
DA:118,0
DA:119,0
DA:122,0
DA:123,0
DA:127,0
DA:128,0
DA:132,0
DA:133,0
DA:134,0
DA:136,0
DA:139,0
DA:140,0
DA:141,0
DA:143,0
DA:146,0
DA:147,0
DA:148,0
DA:150,0
DA:153,0
DA:154,0
DA:155,0
DA:157,0
DA:160,0
DA:170,0
DA:175,0
DA:176,0
DA:177,0
DA:196,0
DA:201,0
DA:204,0
DA:205,0
DA:207,0
DA:210,0
DA:214,0
LF:60
LH:0
BRDA:16,0,0,0
BRDA:17,1,0,0
BRDA:19,2,0,0
BRDA:19,2,1,0
BRDA:22,3,0,0
BRDA:22,4,0,0
BRDA:22,4,1,0
BRDA:26,5,0,0
BRDA:26,5,1,0
BRDA:40,6,0,0
BRDA:51,7,0,0
BRDA:52,8,0,0
BRDA:56,9,0,0
BRDA:60,10,0,0
BRDA:60,10,1,0
BRDA:63,11,0,0
BRDA:63,12,0,0
BRDA:63,12,1,0
BRDA:63,12,2,0
BRDA:68,13,0,0
BRDA:68,13,1,0
BRDA:71,14,0,0
BRDA:71,15,0,0
BRDA:71,15,1,0
BRDA:72,16,0,0
BRDA:79,17,0,0
BRDA:79,18,0,0
BRDA:79,18,1,0
BRDA:80,19,0,0
BRDA:87,20,0,0
BRDA:87,21,0,0
BRDA:87,21,1,0
BRDA:88,22,0,0
BRDA:94,23,0,0
BRDA:94,23,1,0
BRDA:108,24,0,0
BRDA:109,25,0,0
BRDA:110,26,0,0
BRDA:117,27,0,0
BRDA:117,28,0,0
BRDA:118,29,0,0
BRDA:118,29,1,0
BRDA:119,30,0,0
BRDA:119,30,1,0
BRDA:122,31,0,0
BRDA:122,32,0,0
BRDA:122,32,1,0
BRDA:122,32,2,0
BRDA:127,33,0,0
BRDA:132,34,0,0
BRDA:132,35,0,0
BRDA:132,35,1,0
BRDA:133,36,0,0
BRDA:139,37,0,0
BRDA:139,38,0,0
BRDA:139,38,1,0
BRDA:140,39,0,0
BRDA:146,40,0,0
BRDA:146,41,0,0
BRDA:146,41,1,0
BRDA:147,42,0,0
BRDA:153,43,0,0
BRDA:153,44,0,0
BRDA:153,44,1,0
BRDA:154,45,0,0
BRDA:173,46,0,0
BRDA:176,47,0,0
BRDA:176,48,0,0
BRDA:176,48,1,0
BRDA:177,49,0,0
BRDA:177,49,1,0
BRDA:177,49,2,0
BRDA:205,50,0,0
BRDA:205,50,1,0
BRDA:205,51,0,0
BRDA:205,51,1,0
BRF:76
BRH:0
end_of_record
TN:
SF:src/utils/path-sanitizer.ts
FN:8,sanitizePath
FN:51,isPathWithinDirectory
FN:63,sanitizeFilename
FNF:3
FNH:0
FNDA:0,sanitizePath
FNDA:0,isPathWithinDirectory
FNDA:0,sanitizeFilename
DA:1,0
DA:8,0
DA:9,0
DA:10,0
DA:14,0
DA:17,0
DA:18,0
DA:22,0
DA:23,0
DA:27,0
DA:28,0
DA:32,0
DA:35,0
DA:36,0
DA:38,0
DA:39,0
DA:42,0
DA:51,0
DA:52,0
DA:53,0
DA:55,0
DA:63,0
DA:65,0
DA:68,0
LF:24
LH:0
BRDA:9,0,0,0
BRDA:17,1,0,0
BRDA:22,2,0,0
BRDA:27,3,0,0
BRDA:38,4,0,0
BRDA:38,5,0,0
BRDA:38,5,1,0
BRF:7
BRH:0
end_of_record
TN:
SF:src/utils/performance-utils.ts
FN:2,debounce
FN:8,(anonymous_4)
FN:10,(anonymous_5)
FN:14,throttle
FN:20,(anonymous_7)
FN:24,(anonymous_8)
FNF:6
FNH:0
FNDA:0,debounce
FNDA:0,(anonymous_4)
FNDA:0,(anonymous_5)
FNDA:0,throttle
FNDA:0,(anonymous_7)
FNDA:0,(anonymous_8)
DA:2,0
DA:8,0
DA:9,0
DA:10,0
DA:14,0
DA:20,0
DA:21,0
DA:22,0
DA:23,0
DA:24,0
LF:10
LH:0
BRDA:21,0,0,0
BRF:1
BRH:0
end_of_record
TN:
SF:src/utils/safeJsonParser.ts
FN:20,safeJsonParse
FN:41,isPlainObject
FN:53,isArrayOf
FN:57,(anonymous_11)
FN:71,parseWithSchema
FN:123,parseWithValidator
FN:153,safeJsonParseWithReviver
FNF:7
FNH:0
FNDA:0,safeJsonParse
FNDA:0,isPlainObject
FNDA:0,isArrayOf
FNDA:0,(anonymous_11)
FNDA:0,parseWithSchema
FNDA:0,parseWithValidator
FNDA:0,safeJsonParseWithReviver
DA:20,0
DA:24,0
DA:26,0
DA:29,0
DA:31,0
DA:34,0
DA:41,0
DA:42,0
DA:53,0
DA:57,0
DA:71,0
DA:76,0
DA:77,0
DA:81,0
DA:82,0
DA:86,0
DA:87,0
DA:88,0
DA:91,0
DA:96,0
DA:97,0
DA:98,0
DA:100,0
DA:102,0
DA:106,0
DA:109,0
DA:123,0
DA:128,0
DA:129,0
DA:133,0
DA:134,0
DA:137,0
DA:138,0
DA:141,0
DA:145,0
DA:153,0
DA:158,0
DA:159,0
DA:162,0
DA:163,0
DA:166,0
DA:173,0
LF:42
LH:0
BRDA:22,0,0,0
BRDA:24,1,0,0
BRDA:24,2,0,0
BRDA:24,2,1,0
BRDA:43,3,0,0
BRDA:43,3,1,0
BRDA:43,3,2,0
BRDA:43,3,3,0
BRDA:57,4,0,0
BRDA:57,4,1,0
BRDA:74,5,0,0
BRDA:77,6,0,0
BRDA:77,6,1,0
BRDA:81,7,0,0
BRDA:86,8,0,0
BRDA:86,9,0,0
BRDA:86,9,1,0
BRDA:96,10,0,0
BRDA:96,11,0,0
BRDA:96,11,1,0
BRDA:98,12,0,0
BRDA:102,13,0,0
BRDA:102,13,1,0
BRDA:126,14,0,0
BRDA:129,15,0,0
BRDA:129,15,1,0
BRDA:133,16,0,0
BRDA:137,17,0,0
BRDA:137,17,1,0
BRDA:156,18,0,0
BRDA:158,19,0,0
BRDA:158,20,0,0
BRDA:158,20,1,0
BRF:33
BRH:0
end_of_record
TN:
SF:src/utils/finance/calculations.ts
FN:13,createMonetaryAmount
FN:26,addMonetaryAmounts
FN:40,subtractMonetaryAmounts
FN:54,multiplyMonetaryAmount
FN:64,formatMonetaryAmount
FN:87,calculatePresentValue
FN:103,calculateNPV
FN:127,calculateIRR
FN:176,calculateMIRR
FN:187,(anonymous_38)
FN:224,calculatePaybackPeriod
FN:254,calculateDiscountedPaybackPeriod
FN:286,calculateProfitabilityIndex
FN:307,calculateEquityMultiple
FN:321,calculateCashOnCashReturn
FN:335,calculateROI
FN:349,calculateDSCR
FN:363,calculateLTV
FN:377,calculateLTC
FN:391,calculateVariance
FN:410,calculateCompoundInterest
FN:427,calculateMortgagePayment
FN:446,generateAmortizationSchedule
FN:487,calculateSharpeRatio
FN:505,calculateWACC
FN:521,calculateGDV
FN:522,(anonymous_55)
FN:532,calculateDevelopmentMargin
FN:546,calculateProfitOnCost
FN:560,calculateDevelopmentYield
FNF:30
FNH:0
FNDA:0,createMonetaryAmount
FNDA:0,addMonetaryAmounts
FNDA:0,subtractMonetaryAmounts
FNDA:0,multiplyMonetaryAmount
FNDA:0,formatMonetaryAmount
FNDA:0,calculatePresentValue
FNDA:0,calculateNPV
FNDA:0,calculateIRR
FNDA:0,calculateMIRR
FNDA:0,(anonymous_38)
FNDA:0,calculatePaybackPeriod
FNDA:0,calculateDiscountedPaybackPeriod
FNDA:0,calculateProfitabilityIndex
FNDA:0,calculateEquityMultiple
FNDA:0,calculateCashOnCashReturn
FNDA:0,calculateROI
FNDA:0,calculateDSCR
FNDA:0,calculateLTV
FNDA:0,calculateLTC
FNDA:0,calculateVariance
FNDA:0,calculateCompoundInterest
FNDA:0,calculateMortgagePayment
FNDA:0,generateAmortizationSchedule
FNDA:0,calculateSharpeRatio
FNDA:0,calculateWACC
FNDA:0,calculateGDV
FNDA:0,(anonymous_55)
FNDA:0,calculateDevelopmentMargin
FNDA:0,calculateProfitOnCost
FNDA:0,calculateDevelopmentYield
DA:13,0
DA:17,0
DA:26,0
DA:27,0
DA:28,0
DA:31,0
DA:40,0
DA:41,0
DA:42,0
DA:45,0
DA:54,0
DA:55,0
DA:64,0
DA:68,0
DA:76,0
DA:87,0
DA:92,0
DA:103,0
DA:109,0
DA:111,0
DA:112,0
DA:115,0
DA:127,0
DA:134,0
DA:136,0
DA:137,0
DA:138,0
DA:140,0
DA:141,0
DA:142,0
DA:144,0
DA:145,0
DA:149,0
DA:150,0
DA:154,0
DA:157,0
DA:158,0
DA:161,0
DA:165,0
DA:176,0
DA:181,0
DA:184,0
DA:185,0
DA:187,0
DA:188,0
DA:189,0
DA:190,0
DA:192,0
DA:193,0
DA:198,0
DA:199,0
DA:200,0
DA:201,0
DA:206,0
DA:207,0
DA:208,0
DA:209,0
DA:214,0
DA:224,0
DA:228,0
DA:229,0
DA:231,0
DA:232,0
DA:234,0
DA:236,0
DA:239,0
DA:243,0
DA:254,0
DA:259,0
DA:260,0
DA:262,0
DA:263,0
DA:264,0
DA:266,0
DA:268,0
DA:271,0
DA:275,0
DA:286,0
DA:291,0
DA:293,0
DA:294,0
DA:297,0
DA:307,0
DA:311,0
DA:321,0
DA:325,0
DA:335,0
DA:339,0
DA:349,0
DA:353,0
DA:363,0
DA:367,0
DA:377,0
DA:381,0
DA:391,0
DA:395,0
DA:396,0
DA:398,0
DA:410,0
DA:416,0
DA:427,0
DA:432,0
DA:433,0
DA:435,0
DA:446,0
DA:456,0
DA:457,0
DA:458,0
DA:460,0
DA:461,0
DA:463,0
DA:464,0
DA:465,0
DA:466,0
DA:468,0
DA:476,0
DA:487,0
DA:492,0
DA:505,0
DA:512,0
DA:521,0
DA:522,0
DA:532,0
DA:536,0
DA:546,0
DA:550,0
DA:560,0
DA:564,0
LF:128
LH:0
BRDA:15,0,0,0
BRDA:27,1,0,0
BRDA:41,2,0,0
BRDA:66,3,0,0
BRDA:129,4,0,0
BRDA:130,5,0,0
BRDA:131,6,0,0
BRDA:149,7,0,0
BRDA:157,8,0,0
BRDA:188,9,0,0
BRDA:188,9,1,0
BRDA:200,10,0,0
BRDA:208,11,0,0
BRDA:234,12,0,0
BRDA:266,13,0,0
BRDA:396,14,0,0
BRDA:396,14,1,0
BRDA:414,15,0,0
BRF:18
BRH:0
end_of_record
TN:
SF:src/utils/finance/formatting.ts
FN:11,formatCurrency
FN:31,formatPercentage
FN:41,calculateVariancePercentage
FN:51,formatDate
FN:65,formatTimeAgo
FN:104,formatNumber
FN:113,formatFileSize
FN:129,formatDateRange
FNF:8
FNH:0
FNDA:0,formatCurrency
FNDA:0,formatPercentage
FNDA:0,calculateVariancePercentage
FNDA:0,formatDate
FNDA:0,formatTimeAgo
FNDA:0,formatNumber
FNDA:0,formatFileSize
FNDA:0,formatDateRange
DA:11,0
DA:12,0
DA:13,0
DA:14,0
DA:15,0
DA:16,0
DA:17,0
DA:18,0
DA:20,0
DA:23,0
DA:31,0
DA:32,0
DA:41,0
DA:42,0
DA:43,0
DA:51,0
DA:52,0
DA:53,0
DA:65,0
DA:66,0
DA:67,0
DA:70,0
DA:73,0
DA:74,0
DA:78,0
DA:79,0
DA:80,0
DA:84,0
DA:85,0
DA:86,0
DA:90,0
DA:91,0
DA:92,0
DA:96,0
DA:104,0
DA:105,0
DA:113,0
DA:114,0
DA:116,0
DA:117,0
DA:118,0
DA:120,0
DA:129,0
DA:130,0
DA:131,0
DA:133,0
DA:138,0
DA:144,0
LF:48
LH:0
BRDA:11,0,0,0
BRDA:12,1,0,0
BRDA:13,2,0,0
BRDA:13,2,1,0
BRDA:15,3,0,0
BRDA:15,3,1,0
BRDA:17,4,0,0
BRDA:42,5,0,0
BRDA:52,6,0,0
BRDA:52,6,1,0
BRDA:73,7,0,0
BRDA:78,8,0,0
BRDA:80,9,0,0
BRDA:80,9,1,0
BRDA:84,10,0,0
BRDA:86,11,0,0
BRDA:86,11,1,0
BRDA:90,12,0,0
BRDA:92,13,0,0
BRDA:92,13,1,0
BRDA:114,14,0,0
BRDA:130,15,0,0
BRDA:130,15,1,0
BRDA:131,16,0,0
BRDA:131,16,1,0
BRF:25
BRH:0
end_of_record
TN:
SF:src/utils/performance/react-cache-polyfill.ts
FN:26,createCacheFunction
FN:33,cache
FN:38,(anonymous_9)
FN:57,(anonymous_10)
FN:61,(anonymous_11)
FN:95,withCacheOptions
FN:96,(anonymous_13)
FN:122,(anonymous_14)
FNF:8
FNH:0
FNDA:0,createCacheFunction
FNDA:0,cache
FNDA:0,(anonymous_9)
FNDA:0,(anonymous_10)
FNDA:0,(anonymous_11)
FNDA:0,withCacheOptions
FNDA:0,(anonymous_13)
FNDA:0,(anonymous_14)
DA:15,0
DA:20,0
DA:28,0
DA:29,0
DA:33,0
DA:35,0
DA:38,0
DA:39,0
DA:41,0
DA:44,0
DA:45,0
DA:49,0
DA:52,0
DA:55,0
DA:58,0
DA:62,0
DA:68,0
DA:69,0
DA:74,0
DA:78,0
DA:85,0
DA:90,0
DA:95,0
DA:96,0
DA:97,0
DA:102,0
DA:104,0
DA:105,0
DA:113,0
DA:131,0
DA:132,0
DA:138,0
DA:140,0
DA:141,0
DA:148,0
DA:151,0
LF:36
LH:0
BRDA:28,0,0,0
BRDA:44,1,0,0
BRDA:52,2,0,0
BRDA:95,3,0,0
BRDA:102,4,0,0
BRDA:102,5,0,0
BRDA:102,5,1,0
BRDA:104,6,0,0
BRDA:124,7,0,0
BRDA:125,8,0,0
BRDA:138,9,0,0
BRDA:138,10,0,0
BRDA:138,10,1,0
BRF:13
BRH:0
end_of_record
TN:
SF:src/utils/performance/react-cache-polyfill.tsx
FN:27,createCacheFunction
FN:34,cache
FN:39,(anonymous_12)
FN:58,(anonymous_13)
FN:62,(anonymous_14)
FN:96,withCacheOptions
FN:97,(anonymous_16)
FN:105,longTTLCache
FN:106,(anonymous_18)
FN:114,applyCacheToMethod
FNF:10
FNH:0
FNDA:0,createCacheFunction
FNDA:0,cache
FNDA:0,(anonymous_12)
FNDA:0,(anonymous_13)
FNDA:0,(anonymous_14)
FNDA:0,withCacheOptions
FNDA:0,(anonymous_16)
FNDA:0,longTTLCache
FNDA:0,(anonymous_18)
FNDA:0,applyCacheToMethod
DA:1,0
DA:2,0
DA:21,0
DA:29,0
DA:30,0
DA:34,0
DA:36,0
DA:39,0
DA:40,0
DA:42,0
DA:45,0
DA:46,0
DA:50,0
DA:53,0
DA:56,0
DA:59,0
DA:63,0
DA:69,0
DA:70,0
DA:75,0
DA:79,0
DA:86,0
DA:91,0
DA:96,0
DA:97,0
DA:98,0
DA:105,0
DA:106,0
DA:107,0
DA:114,0
DA:119,0
DA:120,0
DA:121,0
DA:126,0
DA:128,0
DA:129,0
DA:133,0
LF:37
LH:0
BRDA:29,0,0,0
BRDA:45,1,0,0
BRDA:53,2,0,0
BRDA:96,3,0,0
BRDA:105,4,0,0
BRDA:117,5,0,0
BRDA:120,6,0,0
BRDA:126,7,0,0
BRDA:126,8,0,0
BRDA:126,8,1,0
BRDA:128,9,0,0
BRF:11
BRH:0
end_of_record
TN:
SF:src/utils/server/index.ts
FNF:0
FNH:0
DA:7,0
LF:1
LH:0
BRF:0
BRH:0
end_of_record
TN:
SF:src/utils/server/serverCache.ts
FN:16,serverCache
FNF:1
FNH:0
FNDA:0,serverCache
DA:8,0
DA:16,0
DA:18,0
DA:21,0
LF:4
LH:0
BRF:0
BRH:0
end_of_record
TN:
SF:src/workers/example.ts
FN:3,(anonymous_1)
FN:14,performHeavyComputation
FN:22,(anonymous_3)
FN:25,(anonymous_4)
FN:28,(anonymous_5)
FN:33,(anonymous_6)
FNF:6
FNH:0
FNDA:0,(anonymous_1)
FNDA:0,performHeavyComputation
FNDA:0,(anonymous_3)
FNDA:0,(anonymous_4)
FNDA:0,(anonymous_5)
FNDA:0,(anonymous_6)
DA:3,0
DA:4,0
DA:6,0
DA:8,0
DA:9,0
DA:10,0
DA:16,0
DA:20,0
DA:22,0
DA:23,0
DA:25,0
DA:26,0
DA:28,0
DA:29,0
DA:33,0
DA:34,0
DA:37,0
LF:17
LH:0
BRDA:6,0,0,0
BRF:1
BRH:0
end_of_record
